>> /usr/local/bin/slash --inter-spec-policy=none --intra-spec-policy=onlyonce --stats --disable-inlining --use-pointer-analysis --work-dir=slash objdump.manifest

EXECUTING: /usr/lib/llvm-10/bin/opt -load=/occam/lib/libSeaDsa.so -load=/occam/lib/libprevirt.so /occam/examples/trimmer/objdump/slash/objdump.bc -o=/dev/null -Pprofiler -profile-verbose=false -profile-loops=true -profile-safe-pointers=true -profile-outfile=/tmp/tmpPymfnp

EXECUTED: /usr/lib/llvm-10/bin/opt -load=/occam/lib/libSeaDsa.so -load=/occam/lib/libprevirt.so /occam/examples/trimmer/objdump/slash/objdump.bc -o=/dev/null -Pprofiler -profile-verbose=false -profile-loops=true -profile-safe-pointers=true -profile-outfile=/tmp/tmpPymfnp WHICH RETURNED 0

EXECUTING: /usr/lib/llvm-10/bin/opt -load=/occam/lib/libSeaDsa.so -load=/occam/lib/libprevirt.so /occam/examples/trimmer/objdump/slash/objdump.bc -o=/occam/examples/trimmer/objdump/slash/objdump.a.bc -Pfull-cmdline-spec -Pfull-cmdline-spec-input arguments -Pfull-cmdline-spec-name objdump

Read 5 command line arguments:
	-D
	--syms
	-s
	-w
	name
EXECUTED: /usr/lib/llvm-10/bin/opt -load=/occam/lib/libSeaDsa.so -load=/occam/lib/libprevirt.so /occam/examples/trimmer/objdump/slash/objdump.bc -o=/occam/examples/trimmer/objdump/slash/objdump.a.bc -Pfull-cmdline-spec -Pfull-cmdline-spec-input arguments -Pfull-cmdline-spec-name objdump WHICH RETURNED 0

EXECUTING: /usr/lib/llvm-10/bin/opt -load=/occam/lib/libSeaDsa.so -load=/occam/lib/libprevirt.so /occam/examples/trimmer/objdump/slash/objdump.a.bc -o=/dev/null -Pinterface -Pinterface-output objdump.01.iface

GatherInterfacePass::runOnModule: /occam/examples/trimmer/objdump/slash/objdump.a.bc
Added reference to function gettext
Added reference to function printf
Added reference to function free
Added reference to function setlocale
Added reference to function bindtextdomain
Added reference to function textdomain
Added reference to function getopt_long
Added reference to function strlen
Added reference to function atoi
Added reference to function strtoul
Added reference to function strcmp
Added reference to function strncmp
Added reference to function putchar
Added reference to function qsort
Added reference to function fprintf
Added reference to function strstr
Added reference to function vsnprintf
Added reference to function strncpy
Added reference to function strcpy
Added reference to function strcspn
Added reference to function fwrite
Added reference to function open
Added reference to function fstat
Added reference to function close
Added reference to function malloc
Added reference to function read
Added reference to function abort
Added reference to function fputs
Added reference to function strchr
Added reference to function exit
Added reference to function snprintf
Added reference to function sprintf
Added reference to function fflush
Added reference to function strnlen
Added reference to function strrchr
Added reference to function puts
Added reference to function _IO_putc
Added reference to function __assert_fail
Added reference to function strcat
Added reference to function fputc
Added reference to function strdup
Added reference to function atof
Added reference to function __errno_location
Added reference to function strspn
Added reference to function vfprintf
Added reference to function getenv
Added reference to function unlink
Added reference to function ctime
Added reference to function mkstemp
Added reference to function mkdtemp
Added reference to function stat
Added reference to function strerror
Added reference to function fseek
Added reference to function fread
Added reference to function _IO_getc
Added reference to function fclose
Added reference to function fopen
Added reference to function memcmp
Added reference to function dgettext
Added reference to function __sigsetjmp
Added reference to function stpcpy
Added reference to function siglongjmp
Added reference to function calloc
Added reference to function sscanf
Added reference to function memchr
Added reference to function strtol
Added reference to function time
Added reference to function getuid
Added reference to function getgid
Added reference to function strcasecmp
Added reference to function strncasecmp
Added reference to function _exit
Added reference to function asprintf
Added reference to function ftello64
Added reference to function fseeko64
Added reference to function fopen64
Added reference to function fileno
Added reference to function fcntl
Added reference to function realloc
Added reference to function fdopen
Added reference to function umask
Added reference to function chmod
Added reference to function fnmatch
Added reference to function ffs
Added reference to function towlower
Added reference to function bsearch
Added reference to function opendir
Added reference to function readdir
Added reference to function closedir
Added reference to function dlopen
Added reference to function dlerror
Added reference to function dlsym
Added reference to function lseek
Added reference to function vprintf
Added reference to function getpagesize
Added reference to function mmap
Added reference to function ferror
Added reference to function getrlimit
Added reference to function sysconf
Added reference to function strncat
Added reference to function strpbrk
Added reference to function ftell
Added reference to function getcwd
Added reference to function realpath
Added reference to function access
Added reference to function mkstemps
Added reference to function lstat
Added reference to function sbrk
Added reference to global optarg
Added reference to global stderr
Added reference to global stdout
Added reference to global optind
Added reference to global environ
Generated interface for /occam/examples/trimmer/objdump/slash/objdump.a.bc
## External calls:
## External symbols:
	_IO_getc
	_IO_putc
	__assert_fail
	__errno_location
	__sigsetjmp
	_exit
	abort
	access
	asprintf
	atof
	atoi
	bindtextdomain
	bsearch
	calloc
	chmod
	close
	closedir
	ctime
	dgettext
	dlerror
	dlopen
	dlsym
	environ
	exit
	fclose
	fcntl
	fdopen
	ferror
	fflush
	ffs
	fileno
	fnmatch
	fopen
	fopen64
	fprintf
	fputc
	fputs
	fread
	free
	fseek
	fseeko64
	fstat
	ftell
	ftello64
	fwrite
	getcwd
	getenv
	getgid
	getopt_long
	getpagesize
	getrlimit
	gettext
	getuid
	lseek
	lstat
	malloc
	memchr
	memcmp
	mkdtemp
	mkstemp
	mkstemps
	mmap
	open
	opendir
	optarg
	optind
	printf
	putchar
	puts
	qsort
	read
	readdir
	realloc
	realpath
	sbrk
	setlocale
	siglongjmp
	snprintf
	sprintf
	sscanf
	stat
	stderr
	stdout
	stpcpy
	strcasecmp
	strcat
	strchr
	strcmp
	strcpy
	strcspn
	strdup
	strerror
	strlen
	strncasecmp
	strncat
	strncmp
	strncpy
	strnlen
	strpbrk
	strrchr
	strspn
	strstr
	strtol
	strtoul
	sysconf
	textdomain
	time
	towlower
	umask
	unlink
	vfprintf
	vprintf
	vsnprintf

EXECUTED: /usr/lib/llvm-10/bin/opt -load=/occam/lib/libSeaDsa.so -load=/occam/lib/libprevirt.so /occam/examples/trimmer/objdump/slash/objdump.a.bc -o=/dev/null -Pinterface -Pinterface-output objdump.01.iface WHICH RETURNED 0

EXECUTING: /usr/lib/llvm-10/bin/opt -load=/occam/lib/libSeaDsa.so -load=/occam/lib/libprevirt.so /occam/examples/trimmer/objdump/slash/objdump.a.bc -o=/occam/examples/trimmer/objdump/slash/objdump.a.i.bc -Pinternalize -Pinternalize-wrt-interfaces main.iface

InternalizePass
Reading file 'main.iface'...success
Done reading.
InternalizePass::runOnModule: /occam/examples/trimmer/objdump/slash/objdump.a.bc
Internalizing 'reloc_at' ExternalLinkage DefaultVisibility
Internalizing 'load_debug_section' ExternalLinkage DefaultVisibility
Internalizing 'free_debug_section' ExternalLinkage DefaultVisibility
Internalizing '' ExternalLinkage DefaultVisibility
Internalizing 'xcalloc2' ExternalLinkage DefaultVisibility
Internalizing 'xcmalloc' ExternalLinkage DefaultVisibility
Internalizing 'xcrealloc' ExternalLinkage DefaultVisibility
Internalizing 'cmalloc' ExternalLinkage DefaultVisibility
Internalizing 'read_leb128' ExternalLinkage DefaultVisibility
Internalizing 'init_dwarf_regnames_i386' ExternalLinkage DefaultVisibility
Internalizing 'init_dwarf_regnames_iamcu' ExternalLinkage DefaultVisibility
Internalizing 'init_dwarf_regnames_x86_64' ExternalLinkage DefaultVisibility
Internalizing 'init_dwarf_regnames_aarch64' ExternalLinkage DefaultVisibility
Internalizing 'init_dwarf_regnames_s390' ExternalLinkage DefaultVisibility
Internalizing 'init_dwarf_regnames' ExternalLinkage DefaultVisibility
Internalizing 'find_cu_tu_set' ExternalLinkage DefaultVisibility
Internalizing 'free_debug_memory' ExternalLinkage DefaultVisibility
Internalizing 'dwarf_select_sections_by_names' ExternalLinkage DefaultVisibility
Internalizing 'dwarf_select_sections_by_letters' ExternalLinkage DefaultVisibility
Internalizing 'dwarf_select_sections_all' ExternalLinkage DefaultVisibility
Internalizing 'print_debugging_info' ExternalLinkage DefaultVisibility
Internalizing 'read_debugging_info' ExternalLinkage DefaultVisibility
Internalizing 'debug_init' ExternalLinkage DefaultVisibility
Internalizing 'debug_set_filename' ExternalLinkage DefaultVisibility
Internalizing 'debug_start_source' ExternalLinkage DefaultVisibility
Internalizing 'debug_record_function' ExternalLinkage DefaultVisibility
Internalizing 'debug_record_parameter' ExternalLinkage DefaultVisibility
Internalizing 'debug_end_function' ExternalLinkage DefaultVisibility
Internalizing 'debug_start_block' ExternalLinkage DefaultVisibility
Internalizing 'debug_end_block' ExternalLinkage DefaultVisibility
Internalizing 'debug_record_line' ExternalLinkage DefaultVisibility
Internalizing 'debug_start_common_block' ExternalLinkage DefaultVisibility
Internalizing 'debug_end_common_block' ExternalLinkage DefaultVisibility
Internalizing 'debug_record_int_const' ExternalLinkage DefaultVisibility
Internalizing 'debug_record_float_const' ExternalLinkage DefaultVisibility
Internalizing 'debug_record_typed_const' ExternalLinkage DefaultVisibility
Internalizing 'debug_record_label' ExternalLinkage DefaultVisibility
Internalizing 'debug_record_variable' ExternalLinkage DefaultVisibility
Internalizing 'debug_make_indirect_type' ExternalLinkage DefaultVisibility
Internalizing 'debug_make_void_type' ExternalLinkage DefaultVisibility
Internalizing 'debug_make_int_type' ExternalLinkage DefaultVisibility
Internalizing 'debug_make_float_type' ExternalLinkage DefaultVisibility
Internalizing 'debug_make_bool_type' ExternalLinkage DefaultVisibility
Internalizing 'debug_make_complex_type' ExternalLinkage DefaultVisibility
Internalizing 'debug_make_struct_type' ExternalLinkage DefaultVisibility
Internalizing 'debug_make_object_type' ExternalLinkage DefaultVisibility
Internalizing 'debug_make_enum_type' ExternalLinkage DefaultVisibility
Internalizing 'debug_make_pointer_type' ExternalLinkage DefaultVisibility
Internalizing 'debug_make_function_type' ExternalLinkage DefaultVisibility
Internalizing 'debug_make_reference_type' ExternalLinkage DefaultVisibility
Internalizing 'debug_make_range_type' ExternalLinkage DefaultVisibility
Internalizing 'debug_make_array_type' ExternalLinkage DefaultVisibility
Internalizing 'debug_make_set_type' ExternalLinkage DefaultVisibility
Internalizing 'debug_make_offset_type' ExternalLinkage DefaultVisibility
Internalizing 'debug_make_method_type' ExternalLinkage DefaultVisibility
Internalizing 'debug_make_const_type' ExternalLinkage DefaultVisibility
Internalizing 'debug_make_volatile_type' ExternalLinkage DefaultVisibility
Internalizing 'debug_make_undefined_tagged_type' ExternalLinkage DefaultVisibility
Internalizing 'debug_tag_type' ExternalLinkage DefaultVisibility
Internalizing 'debug_make_baseclass' ExternalLinkage DefaultVisibility
Internalizing 'debug_make_field' ExternalLinkage DefaultVisibility
Internalizing 'debug_make_static_member' ExternalLinkage DefaultVisibility
Internalizing 'debug_make_method' ExternalLinkage DefaultVisibility
Internalizing 'debug_make_method_variant' ExternalLinkage DefaultVisibility
Internalizing 'debug_make_static_method_variant' ExternalLinkage DefaultVisibility
Internalizing 'debug_name_type' ExternalLinkage DefaultVisibility
Internalizing 'debug_record_type_size' ExternalLinkage DefaultVisibility
Internalizing 'debug_find_named_type' ExternalLinkage DefaultVisibility
Internalizing 'debug_find_tagged_type' ExternalLinkage DefaultVisibility
Internalizing 'debug_get_type_kind' ExternalLinkage DefaultVisibility
Internalizing 'debug_get_type_name' ExternalLinkage DefaultVisibility
Internalizing 'debug_get_type_size' ExternalLinkage DefaultVisibility
Internalizing 'debug_get_return_type' ExternalLinkage DefaultVisibility
Internalizing 'debug_get_parameter_types' ExternalLinkage DefaultVisibility
Internalizing 'debug_get_target_type' ExternalLinkage DefaultVisibility
Internalizing 'debug_get_fields' ExternalLinkage DefaultVisibility
Internalizing 'debug_get_field_type' ExternalLinkage DefaultVisibility
Internalizing 'debug_get_field_name' ExternalLinkage DefaultVisibility
Internalizing 'debug_get_field_bitpos' ExternalLinkage DefaultVisibility
Internalizing 'debug_get_field_bitsize' ExternalLinkage DefaultVisibility
Internalizing 'debug_get_field_visibility' ExternalLinkage DefaultVisibility
Internalizing 'debug_get_field_physname' ExternalLinkage DefaultVisibility
Internalizing 'debug_write' ExternalLinkage DefaultVisibility
Internalizing 'start_stab' ExternalLinkage DefaultVisibility
Internalizing 'finish_stab' ExternalLinkage DefaultVisibility
Internalizing 'parse_stab' ExternalLinkage DefaultVisibility
Internalizing 'parse_ieee' ExternalLinkage DefaultVisibility
Internalizing 'write_ieee_debugging_info' ExternalLinkage DefaultVisibility
Internalizing 'parse_coff' ExternalLinkage DefaultVisibility
Internalizing 'bfd_nonfatal' ExternalLinkage DefaultVisibility
Internalizing 'bfd_nonfatal_message' ExternalLinkage DefaultVisibility
Internalizing 'bfd_get_archive_filename' ExternalLinkage DefaultVisibility
Internalizing 'bfd_fatal' ExternalLinkage DefaultVisibility
Internalizing 'report' ExternalLinkage DefaultVisibility
Internalizing 'fatal' ExternalLinkage DefaultVisibility
Internalizing 'non_fatal' ExternalLinkage DefaultVisibility
Internalizing 'set_default_bfd_target' ExternalLinkage DefaultVisibility
Internalizing 'list_matching_formats' ExternalLinkage DefaultVisibility
Internalizing 'list_supported_targets' ExternalLinkage DefaultVisibility
Internalizing 'list_supported_architectures' ExternalLinkage DefaultVisibility
Internalizing 'display_info' ExternalLinkage DefaultVisibility
Internalizing 'print_arelt_descr' ExternalLinkage DefaultVisibility
Internalizing 'make_tempname' ExternalLinkage DefaultVisibility
Internalizing 'make_tempdir' ExternalLinkage DefaultVisibility
Internalizing 'parse_vma' ExternalLinkage DefaultVisibility
Internalizing 'get_file_size' ExternalLinkage DefaultVisibility
Internalizing 'is_valid_archive_path' ExternalLinkage DefaultVisibility
Internalizing 'print_version' ExternalLinkage DefaultVisibility
Internalizing 'mode_string' ExternalLinkage DefaultVisibility
Internalizing 'error' ExternalLinkage DefaultVisibility
Internalizing 'warn' ExternalLinkage DefaultVisibility
Internalizing 'byte_put_little_endian' ExternalLinkage DefaultVisibility
Internalizing 'byte_put_big_endian' ExternalLinkage DefaultVisibility
Internalizing 'byte_get_signed' ExternalLinkage DefaultVisibility
Internalizing 'byte_get_64' ExternalLinkage DefaultVisibility
Internalizing 'adjust_relative_path' ExternalLinkage DefaultVisibility
Internalizing 'setup_archive' ExternalLinkage DefaultVisibility
Internalizing 'setup_nested_archive' ExternalLinkage DefaultVisibility
Internalizing 'release_archive' ExternalLinkage DefaultVisibility
Internalizing 'get_archive_member_name' ExternalLinkage DefaultVisibility
Internalizing 'get_archive_member_name_at' ExternalLinkage DefaultVisibility
Internalizing 'make_qualified_name' ExternalLinkage DefaultVisibility
Internalizing 'disassembler_usage' ExternalLinkage DefaultVisibility
Internalizing 'init_disassemble_info' ExternalLinkage DefaultVisibility
Internalizing 'print_insn_i386_att' ExternalLinkage DefaultVisibility
Internalizing 'print_insn_i386_intel' ExternalLinkage DefaultVisibility
Internalizing 'print_i386_disassembler_options' ExternalLinkage DefaultVisibility
Internalizing '_bfd_ar_spacepad' ExternalLinkage DefaultVisibility
Internalizing '_bfd_ar_sizepad' ExternalLinkage DefaultVisibility
Internalizing 'bfd_get_next_mapent' ExternalLinkage DefaultVisibility
Internalizing '_bfd_create_empty_archive_element_shell' ExternalLinkage DefaultVisibility
Internalizing 'bfd_set_archive_head' ExternalLinkage DefaultVisibility
Internalizing '_bfd_look_for_bfd_in_cache' ExternalLinkage DefaultVisibility
Internalizing '_bfd_add_bfd_to_archive_cache' ExternalLinkage DefaultVisibility
Internalizing '_bfd_generic_read_ar_hdr_mag' ExternalLinkage DefaultVisibility
Internalizing '_bfd_append_relative_path' ExternalLinkage DefaultVisibility
Internalizing 'bfd_slurp_bsd_armap_f2' ExternalLinkage DefaultVisibility
Internalizing '_bfd_construct_extended_name_table' ExternalLinkage DefaultVisibility
Internalizing '_bfd_archive_bsd44_construct_extended_name_table' ExternalLinkage DefaultVisibility
Internalizing '_bfd_bsd44_write_ar_hdr' ExternalLinkage DefaultVisibility
Internalizing 'bfd_gnu_truncate_arname' ExternalLinkage DefaultVisibility
Internalizing '_bfd_compute_and_write_armap' ExternalLinkage DefaultVisibility
Internalizing 'bfd_printable_name' ExternalLinkage DefaultVisibility
Internalizing 'bfd_scan_arch' ExternalLinkage DefaultVisibility
Internalizing 'bfd_arch_list' ExternalLinkage DefaultVisibility
Internalizing 'bfd_arch_get_compatible' ExternalLinkage DefaultVisibility
Internalizing 'bfd_set_arch_info' ExternalLinkage DefaultVisibility
Internalizing 'bfd_lookup_arch' ExternalLinkage DefaultVisibility
Internalizing 'bfd_arch_bits_per_byte' ExternalLinkage DefaultVisibility
Internalizing 'bfd_printable_arch_mach' ExternalLinkage DefaultVisibility
Internalizing 'bfd_arch_mach_octets_per_byte' ExternalLinkage DefaultVisibility
Internalizing 'bfd_get_error' ExternalLinkage DefaultVisibility
Internalizing 'bfd_set_error' ExternalLinkage DefaultVisibility
Internalizing '_bfd_abort' ExternalLinkage DefaultVisibility
Internalizing 'bfd_errmsg' ExternalLinkage DefaultVisibility
Internalizing 'bfd_perror' ExternalLinkage DefaultVisibility
Internalizing 'bfd_set_error_handler' ExternalLinkage DefaultVisibility
Internalizing 'bfd_set_error_program_name' ExternalLinkage DefaultVisibility
Internalizing 'bfd_set_assert_handler' ExternalLinkage DefaultVisibility
Internalizing 'bfd_set_reloc' ExternalLinkage DefaultVisibility
Internalizing 'bfd_set_file_flags' ExternalLinkage DefaultVisibility
Internalizing 'bfd_assert' ExternalLinkage DefaultVisibility
Internalizing 'bfd_get_sign_extend_vma' ExternalLinkage DefaultVisibility
Internalizing 'bfd_get_gp_size' ExternalLinkage DefaultVisibility
Internalizing 'bfd_set_gp_size' ExternalLinkage DefaultVisibility
Internalizing '_bfd_get_gp_value' ExternalLinkage DefaultVisibility
Internalizing '_bfd_set_gp_value' ExternalLinkage DefaultVisibility
Internalizing 'bfd_scan_vma' ExternalLinkage DefaultVisibility
Internalizing 'bfd_record_phdr' ExternalLinkage DefaultVisibility
Internalizing 'bfd_alt_mach_code' ExternalLinkage DefaultVisibility
Internalizing 'bfd_emul_get_maxpagesize' ExternalLinkage DefaultVisibility
Internalizing 'bfd_emul_set_maxpagesize' ExternalLinkage DefaultVisibility
Internalizing 'bfd_emul_get_commonpagesize' ExternalLinkage DefaultVisibility
Internalizing 'bfd_emul_set_commonpagesize' ExternalLinkage DefaultVisibility
Internalizing 'bfd_update_compression_header' ExternalLinkage DefaultVisibility
Internalizing 'bfd_check_compression_header' ExternalLinkage DefaultVisibility
Internalizing 'bfd_get_compression_header_size' ExternalLinkage DefaultVisibility
Internalizing 'bfd_convert_section_size' ExternalLinkage DefaultVisibility
Internalizing 'bfd_convert_section_contents' ExternalLinkage DefaultVisibility
Internalizing 'real_ftell' ExternalLinkage DefaultVisibility
Internalizing 'real_fseek' ExternalLinkage DefaultVisibility
Internalizing 'real_fopen' ExternalLinkage DefaultVisibility
Internalizing 'bfd_get_mtime' ExternalLinkage DefaultVisibility
Internalizing 'bfd_get_size' ExternalLinkage DefaultVisibility
Internalizing 'bfd_mmap' ExternalLinkage DefaultVisibility
Internalizing 'bfd_is_section_compressed_with_header' ExternalLinkage DefaultVisibility
Internalizing 'bfd_is_section_compressed' ExternalLinkage DefaultVisibility
Internalizing 'bfd_init_section_decompress_status' ExternalLinkage DefaultVisibility
Internalizing 'bfd_init_section_compress_status' ExternalLinkage DefaultVisibility
Internalizing 'bfd_compress_section' ExternalLinkage DefaultVisibility
Internalizing 'bfd_format_string' ExternalLinkage DefaultVisibility
Internalizing 'bfd_hash_insert' ExternalLinkage DefaultVisibility
Internalizing 'bfd_hash_rename' ExternalLinkage DefaultVisibility
Internalizing 'bfd_hash_set_default_size' ExternalLinkage DefaultVisibility
Internalizing '_bfd_stringtab_init' ExternalLinkage DefaultVisibility
Internalizing '_bfd_xcoff_stringtab_init' ExternalLinkage DefaultVisibility
Internalizing '_bfd_stringtab_free' ExternalLinkage DefaultVisibility
Internalizing '_bfd_stringtab_add' ExternalLinkage DefaultVisibility
Internalizing '_bfd_stringtab_size' ExternalLinkage DefaultVisibility
Internalizing 'bfd_init' ExternalLinkage DefaultVisibility
Internalizing 'bfd_0u' ExternalLinkage DefaultVisibility
Internalizing 'bfd_malloc' ExternalLinkage DefaultVisibility
Internalizing 'bfd_malloc2' ExternalLinkage DefaultVisibility
Internalizing 'bfd_realloc' ExternalLinkage DefaultVisibility
Internalizing 'bfd_realloc2' ExternalLinkage DefaultVisibility
Internalizing 'bfd_realloc_or_free' ExternalLinkage DefaultVisibility
Internalizing 'bfd_zmalloc' ExternalLinkage DefaultVisibility
Internalizing 'bfd_zmalloc2' ExternalLinkage DefaultVisibility
Internalizing 'bfd_write_bigendian_4byte_int' ExternalLinkage DefaultVisibility
Internalizing 'bfd_put_bits' ExternalLinkage DefaultVisibility
Internalizing 'bfd_get_bits' ExternalLinkage DefaultVisibility
Internalizing 'bfd_log2' ExternalLinkage DefaultVisibility
Internalizing 'warn_deprecated' ExternalLinkage DefaultVisibility
Internalizing 'read_unsigned_leb128' ExternalLinkage DefaultVisibility
Internalizing 'read_signed_leb128' ExternalLinkage DefaultVisibility
Internalizing '_bfd_new_bfd' ExternalLinkage DefaultVisibility
Internalizing 'bfd_fopen' ExternalLinkage DefaultVisibility
Internalizing 'bfd_fdopenr' ExternalLinkage DefaultVisibility
Internalizing 'bfd_openstreamr' ExternalLinkage DefaultVisibility
Internalizing 'bfd_openr_iovec' ExternalLinkage DefaultVisibility
Internalizing 'bfd_create' ExternalLinkage DefaultVisibility
Internalizing 'bfd_make_writable' ExternalLinkage DefaultVisibility
Internalizing 'bfd_make_readable' ExternalLinkage DefaultVisibility
Internalizing 'bfd_alloc2' ExternalLinkage DefaultVisibility
Internalizing 'bfd_zalloc2' ExternalLinkage DefaultVisibility
Internalizing 'bfd_calc_gnu_debuglink_crc32' ExternalLinkage DefaultVisibility
Internalizing 'bfd_get_alt_debug_link_info' ExternalLinkage DefaultVisibility
Internalizing 'bfd_follow_gnu_debuglink' ExternalLinkage DefaultVisibility
Internalizing 'bfd_follow_gnu_debugaltlink' ExternalLinkage DefaultVisibility
Internalizing 'bfd_create_gnu_debuglink_section' ExternalLinkage DefaultVisibility
Internalizing 'bfd_fill_in_gnu_debuglink_section' ExternalLinkage DefaultVisibility
Internalizing 'bfd_follow_build_id_debuglink' ExternalLinkage DefaultVisibility
Internalizing 'bfd_get_section_by_name_if' ExternalLinkage DefaultVisibility
Internalizing 'bfd_get_unique_section_name' ExternalLinkage DefaultVisibility
Internalizing 'bfd_make_section_anyway' ExternalLinkage DefaultVisibility
Internalizing 'bfd_get_next_section_id' ExternalLinkage DefaultVisibility
Internalizing 'bfd_rename_section' ExternalLinkage DefaultVisibility
Internalizing 'bfd_sections_find_if' ExternalLinkage DefaultVisibility
Internalizing 'bfd_get_stab_name' ExternalLinkage DefaultVisibility
Internalizing 'bfd_set_default_target' ExternalLinkage DefaultVisibility
Internalizing 'bfd_get_target_info' ExternalLinkage DefaultVisibility
Internalizing 'bfd_target_list' ExternalLinkage DefaultVisibility
Internalizing 'bfd_flavour_name' ExternalLinkage DefaultVisibility
Internalizing 'bfd_elf64_swap_phdr_out' ExternalLinkage DefaultVisibility
Internalizing 'bfd_elf64_swap_phdr_in' ExternalLinkage DefaultVisibility
Internalizing '_bfd_elf_swap_verdef_in' ExternalLinkage DefaultVisibility
Internalizing '_bfd_elf_swap_verdef_out' ExternalLinkage DefaultVisibility
Internalizing '_bfd_elf_swap_verdaux_in' ExternalLinkage DefaultVisibility
Internalizing '_bfd_elf_swap_verdaux_out' ExternalLinkage DefaultVisibility
Internalizing '_bfd_elf_swap_verneed_in' ExternalLinkage DefaultVisibility
Internalizing '_bfd_elf_swap_verneed_out' ExternalLinkage DefaultVisibility
Internalizing '_bfd_elf_swap_vernaux_in' ExternalLinkage DefaultVisibility
Internalizing '_bfd_elf_swap_vernaux_out' ExternalLinkage DefaultVisibility
Internalizing '_bfd_elf_swap_versym_in' ExternalLinkage DefaultVisibility
Internalizing '_bfd_elf_swap_versym_out' ExternalLinkage DefaultVisibility
Internalizing 'bfd_elf_hash' ExternalLinkage DefaultVisibility
Internalizing 'bfd_elf_gnu_hash' ExternalLinkage DefaultVisibility
Internalizing 'bfd_elf_get_elf_syms' ExternalLinkage DefaultVisibility
Internalizing '_bfd_elf_setup_sections' ExternalLinkage DefaultVisibility
Internalizing 'bfd_section_from_shdr' ExternalLinkage DefaultVisibility
Internalizing '_bfd_elf_section_from_bfd_section' ExternalLinkage DefaultVisibility
Internalizing '_bfd_elf_slurp_version_tables' ExternalLinkage DefaultVisibility
Internalizing '_bfd_elf_get_special_section' ExternalLinkage DefaultVisibility
Internalizing 'bfd_section_from_phdr' ExternalLinkage DefaultVisibility
Internalizing 'bfd_elf_get_default_section_type' ExternalLinkage DefaultVisibility
Internalizing '_bfd_elf_filter_global_symbols' ExternalLinkage DefaultVisibility
Internalizing '_bfd_elf_assign_file_position_for_section' ExternalLinkage DefaultVisibility
Internalizing '_bfd_elf_compute_section_file_positions' ExternalLinkage DefaultVisibility
Internalizing '_bfd_elf_map_sections_to_segments' ExternalLinkage DefaultVisibility
Internalizing '_bfd_elf_make_dynamic_segment' ExternalLinkage DefaultVisibility
Internalizing '_bfd_elf_find_segment_containing_section' ExternalLinkage DefaultVisibility
Internalizing '_bfd_elf_symbol_from_bfd_symbol' ExternalLinkage DefaultVisibility
Internalizing '_bfd_elf_fixup_group_sections' ExternalLinkage DefaultVisibility
Internalizing '_bfd_elf_no_info_to_howto' ExternalLinkage DefaultVisibility
Internalizing '_bfd_elf_validate_reloc' ExternalLinkage DefaultVisibility
Internalizing 'elfcore_write_prpsinfo' ExternalLinkage DefaultVisibility
Internalizing 'elfcore_write_linux_prpsinfo32' ExternalLinkage DefaultVisibility
Internalizing 'elfcore_write_linux_prpsinfo64' ExternalLinkage DefaultVisibility
Internalizing 'elfcore_write_prstatus' ExternalLinkage DefaultVisibility
Internalizing 'elfcore_write_prfpreg' ExternalLinkage DefaultVisibility
Internalizing 'elfcore_write_prxfpreg' ExternalLinkage DefaultVisibility
Internalizing 'elfcore_write_xstatereg' ExternalLinkage DefaultVisibility
Internalizing 'elfcore_write_ppc_vmx' ExternalLinkage DefaultVisibility
Internalizing 'elfcore_write_ppc_vsx' ExternalLinkage DefaultVisibility
Internalizing 'elfcore_write_s390_timer' ExternalLinkage DefaultVisibility
Internalizing 'elfcore_write_s390_todcmp' ExternalLinkage DefaultVisibility
Internalizing 'elfcore_write_s390_todpreg' ExternalLinkage DefaultVisibility
Internalizing 'elfcore_write_s390_ctrs' ExternalLinkage DefaultVisibility
Internalizing 'elfcore_write_s390_prefix' ExternalLinkage DefaultVisibility
Internalizing 'elfcore_write_s390_last_break' ExternalLinkage DefaultVisibility
Internalizing 'elfcore_write_s390_system_call' ExternalLinkage DefaultVisibility
Internalizing 'elfcore_write_s390_tdb' ExternalLinkage DefaultVisibility
Internalizing 'elfcore_write_s390_vxrs_low' ExternalLinkage DefaultVisibility
Internalizing 'elfcore_write_s390_vxrs_high' ExternalLinkage DefaultVisibility
Internalizing 'elfcore_write_arm_vfp' ExternalLinkage DefaultVisibility
Internalizing 'elfcore_write_aarch_tls' ExternalLinkage DefaultVisibility
Internalizing 'elfcore_write_aarch_hw_break' ExternalLinkage DefaultVisibility
Internalizing 'elfcore_write_aarch_hw_watch' ExternalLinkage DefaultVisibility
Internalizing 'elfcore_write_register_note' ExternalLinkage DefaultVisibility
Internalizing 'bfd_get_elf_phdr_upper_bound' ExternalLinkage DefaultVisibility
Internalizing 'bfd_get_elf_phdrs' ExternalLinkage DefaultVisibility
Internalizing 'bfd_elf_bfd_from_remote_memory' ExternalLinkage DefaultVisibility
Internalizing '_bfd_elf_section_for_symbol' ExternalLinkage DefaultVisibility
Internalizing '_bfd_elf_define_linkage_sym' ExternalLinkage DefaultVisibility
Internalizing '_bfd_elf_link_create_dynamic_sections' ExternalLinkage DefaultVisibility
Internalizing 'bfd_elf_record_link_assignment' ExternalLinkage DefaultVisibility
Internalizing 'bfd_elf_link_record_local_dynamic_symbol' ExternalLinkage DefaultVisibility
Internalizing '_bfd_elf_link_lookup_local_dynindx' ExternalLinkage DefaultVisibility
Internalizing '_bfd_elf_link_hash_fixup_symbol' ExternalLinkage DefaultVisibility
Internalizing '_bfd_elf_dynamic_symbol_p' ExternalLinkage DefaultVisibility
Internalizing '_bfd_elf_tls_setup' ExternalLinkage DefaultVisibility
Internalizing '_bfd_elf_size_group_sections' ExternalLinkage DefaultVisibility
Internalizing 'bfd_elf_stack_segment_size' ExternalLinkage DefaultVisibility
Internalizing 'bfd_elf_size_dynamic_sections' ExternalLinkage DefaultVisibility
Internalizing '_bfd_elf_init_2_index_sections' ExternalLinkage DefaultVisibility
Internalizing 'bfd_elf_size_dynsym_hash_dynstr' ExternalLinkage DefaultVisibility
Internalizing '_bfd_elf_link_hash_table_create' ExternalLinkage DefaultVisibility
Internalizing 'bfd_elf_set_dt_needed_name' ExternalLinkage DefaultVisibility
Internalizing 'bfd_elf_get_dyn_lib_class' ExternalLinkage DefaultVisibility
Internalizing 'bfd_elf_set_dyn_lib_class' ExternalLinkage DefaultVisibility
Internalizing 'bfd_elf_get_needed_list' ExternalLinkage DefaultVisibility
Internalizing 'bfd_elf_get_runpath_list' ExternalLinkage DefaultVisibility
Internalizing 'bfd_elf_get_dt_soname' ExternalLinkage DefaultVisibility
Internalizing 'bfd_elf_get_bfd_needed_list' ExternalLinkage DefaultVisibility
Internalizing '_bfd_elf_match_sections_by_type' ExternalLinkage DefaultVisibility
Internalizing 'bfd_elf_perform_complex_relocation' ExternalLinkage DefaultVisibility
Internalizing '_bfd_elf_check_kept_section' ExternalLinkage DefaultVisibility
Internalizing '_bfd_elf_is_start_stop' ExternalLinkage DefaultVisibility
Internalizing '_bfd_elf_gc_mark_rsec' ExternalLinkage DefaultVisibility
Internalizing '_bfd_elf_gc_mark_reloc' ExternalLinkage DefaultVisibility
Internalizing '_bfd_elf_gc_mark' ExternalLinkage DefaultVisibility
Internalizing 'bfd_elf_parse_eh_frame_entries' ExternalLinkage DefaultVisibility
Internalizing 'bfd_elf_gc_common_finalize_got_offsets' ExternalLinkage DefaultVisibility
Internalizing 'bfd_elf_gc_common_final_link' ExternalLinkage DefaultVisibility
Internalizing 'bfd_elf_discard_info' ExternalLinkage DefaultVisibility
Internalizing '_bfd_elf_get_dynamic_reloc_section' ExternalLinkage DefaultVisibility
Internalizing 'bfd_elf_obj_attr_size' ExternalLinkage DefaultVisibility
Internalizing 'bfd_elf_set_obj_attr_contents' ExternalLinkage DefaultVisibility
Internalizing 'bfd_elf_get_obj_attr_int' ExternalLinkage DefaultVisibility
Internalizing 'bfd_elf_add_obj_attr_int' ExternalLinkage DefaultVisibility
Internalizing '_bfd_elf_obj_attrs_arg_type' ExternalLinkage DefaultVisibility
Internalizing '_bfd_elf_attr_strdup' ExternalLinkage DefaultVisibility
Internalizing 'bfd_elf_add_obj_attr_string' ExternalLinkage DefaultVisibility
Internalizing 'bfd_elf_add_obj_attr_int_string' ExternalLinkage DefaultVisibility
Internalizing '_bfd_elf_copy_obj_attributes' ExternalLinkage DefaultVisibility
Internalizing '_bfd_elf_parse_attributes' ExternalLinkage DefaultVisibility
Internalizing '_bfd_elf_merge_object_attributes' ExternalLinkage DefaultVisibility
Internalizing '_bfd_elf_merge_unknown_attribute_low' ExternalLinkage DefaultVisibility
Internalizing '_bfd_elf_merge_unknown_attribute_list' ExternalLinkage DefaultVisibility
Internalizing '_bfd_elf_strtab_init' ExternalLinkage DefaultVisibility
Internalizing '_bfd_elf_strtab_free' ExternalLinkage DefaultVisibility
Internalizing '_bfd_elf_strtab_add' ExternalLinkage DefaultVisibility
Internalizing '_bfd_elf_strtab_addref' ExternalLinkage DefaultVisibility
Internalizing '_bfd_elf_strtab_delref' ExternalLinkage DefaultVisibility
Internalizing '_bfd_elf_strtab_refcount' ExternalLinkage DefaultVisibility
Internalizing '_bfd_elf_strtab_clear_all_refs' ExternalLinkage DefaultVisibility
Internalizing '_bfd_elf_strtab_save' ExternalLinkage DefaultVisibility
Internalizing '_bfd_elf_strtab_restore' ExternalLinkage DefaultVisibility
Internalizing '_bfd_elf_strtab_size' ExternalLinkage DefaultVisibility
Internalizing '_bfd_elf_strtab_offset' ExternalLinkage DefaultVisibility
Internalizing '_bfd_elf_strtab_emit' ExternalLinkage DefaultVisibility
Internalizing '_bfd_elf_strtab_finalize' ExternalLinkage DefaultVisibility
Internalizing '_bfd_elf_parse_eh_frame_entry' ExternalLinkage DefaultVisibility
Internalizing '_bfd_elf_parse_eh_frame' ExternalLinkage DefaultVisibility
Internalizing '_bfd_elf_end_eh_frame_parsing' ExternalLinkage DefaultVisibility
Internalizing '_bfd_elf_gc_mark_fdes' ExternalLinkage DefaultVisibility
Internalizing '_bfd_elf_discard_section_eh_frame' ExternalLinkage DefaultVisibility
Internalizing '_bfd_elf_discard_section_eh_frame_hdr' ExternalLinkage DefaultVisibility
Internalizing '_bfd_elf_eh_frame_entry_present' ExternalLinkage DefaultVisibility
Internalizing '_bfd_elf_maybe_strip_eh_frame_hdr' ExternalLinkage DefaultVisibility
Internalizing '_bfd_elf_eh_frame_section_offset' ExternalLinkage DefaultVisibility
Internalizing '_bfd_elf_write_section_eh_frame_entry' ExternalLinkage DefaultVisibility
Internalizing '_bfd_elf_fixup_eh_frame_hdr' ExternalLinkage DefaultVisibility
Internalizing '_bfd_elf_write_section_eh_frame_hdr' ExternalLinkage DefaultVisibility
Internalizing '_bfd_dwarf1_find_nearest_line' ExternalLinkage DefaultVisibility
Internalizing '_bfd_dwarf2_slurp_debug_info' ExternalLinkage DefaultVisibility
Internalizing '_bfd_dwarf2_cleanup_debug_info' ExternalLinkage DefaultVisibility
Internalizing '_bfd_dwarf2_find_symbol_bias' ExternalLinkage DefaultVisibility
Internalizing '_bfd_dwarf2_find_nearest_line' ExternalLinkage DefaultVisibility
Internalizing '_bfd_elf_find_function' ExternalLinkage DefaultVisibility
Internalizing '_bfd_dwarf2_find_inliner_info' ExternalLinkage DefaultVisibility
Internalizing 'bfd_elf32_swap_phdr_out' ExternalLinkage DefaultVisibility
Internalizing 'bfd_elf32_swap_phdr_in' ExternalLinkage DefaultVisibility
Internalizing 'bfd_i386linux_size_dynamic_sections' ExternalLinkage DefaultVisibility
Internalizing 'aout_32_make_sections' ExternalLinkage DefaultVisibility
Internalizing 'aout_32_machine_type' ExternalLinkage DefaultVisibility
Internalizing 'aout_32_translate_symbol_table' ExternalLinkage DefaultVisibility
Internalizing 'aout_32_slurp_symbol_table' ExternalLinkage DefaultVisibility
Internalizing 'aout_32_swap_std_reloc_out' ExternalLinkage DefaultVisibility
Internalizing 'aout_32_swap_ext_reloc_out' ExternalLinkage DefaultVisibility
Internalizing 'aout_32_swap_ext_reloc_in' ExternalLinkage DefaultVisibility
Internalizing 'aout_32_swap_std_reloc_in' ExternalLinkage DefaultVisibility
Internalizing 'aout_32_slurp_reloc_table' ExternalLinkage DefaultVisibility
Internalizing 'aout_32_link_hash_table_create' ExternalLinkage DefaultVisibility
Internalizing '_bfd_pe_only_swap_filehdr_out' ExternalLinkage DefaultVisibility
Internalizing '_bfd_pei_swap_debugdir_out' ExternalLinkage DefaultVisibility
Internalizing '_bfd_pei_write_codeview_record' ExternalLinkage DefaultVisibility
Internalizing '_bfd_pe_print_ce_compressed_pdata' ExternalLinkage DefaultVisibility
Internalizing '_bfd_coff_link_hash_table_init' ExternalLinkage DefaultVisibility
Internalizing '_bfd_coff_link_input_bfd' ExternalLinkage DefaultVisibility
Internalizing '_bfd_coff_reloc_link_order' ExternalLinkage DefaultVisibility
Internalizing 'coff_object_p' ExternalLinkage DefaultVisibility
Internalizing 'coff_get_symbol_info' ExternalLinkage DefaultVisibility
Internalizing 'coff_find_nearest_line_with_names' ExternalLinkage DefaultVisibility
Internalizing 'bfd_coff_set_symbol_class' ExternalLinkage DefaultVisibility
Internalizing '_bfd_pex64_only_swap_filehdr_out' ExternalLinkage DefaultVisibility
Internalizing '_bfd_pex64i_swap_debugdir_out' ExternalLinkage DefaultVisibility
Internalizing '_bfd_pex64i_write_codeview_record' ExternalLinkage DefaultVisibility
Internalizing '_bfd_pex64_print_ce_compressed_pdata' ExternalLinkage DefaultVisibility
Internalizing 'bfd_plugin_open_input' ExternalLinkage DefaultVisibility
Internalizing 'bfd_plugin_set_program_name' ExternalLinkage DefaultVisibility
Internalizing 'bfd_plugin_set_plugin' ExternalLinkage DefaultVisibility
Internalizing 'bfd_plugin_specified_p' ExternalLinkage DefaultVisibility
Internalizing 'bfd_plugin_target_p' ExternalLinkage DefaultVisibility
Internalizing 'register_ld_plugin_object_p' ExternalLinkage DefaultVisibility
Internalizing '_bfd_archive_64_bit_slurp_armap' ExternalLinkage DefaultVisibility
Internalizing '_bfd_archive_64_bit_write_armap' ExternalLinkage DefaultVisibility
Internalizing 'bfd_cache_close_all' ExternalLinkage DefaultVisibility
Internalizing 'bfd_core_file_failing_command' ExternalLinkage DefaultVisibility
Internalizing 'bfd_core_file_failing_signal' ExternalLinkage DefaultVisibility
Internalizing 'bfd_core_file_pid' ExternalLinkage DefaultVisibility
Internalizing 'core_file_matches_executable_p' ExternalLinkage DefaultVisibility
Internalizing 'bfd_link_add_undef' ExternalLinkage DefaultVisibility
Internalizing '_bfd_generic_link_output_symbols' ExternalLinkage DefaultVisibility
Internalizing '_bfd_generic_reloc_link_order' ExternalLinkage DefaultVisibility
Internalizing 'bfd_new_link_order' ExternalLinkage DefaultVisibility
Internalizing '_bfd_count_link_order_relocs' ExternalLinkage DefaultVisibility
Internalizing 'bfd_section_already_linked_table_traverse' ExternalLinkage DefaultVisibility
Internalizing 'bfd_section_already_linked_table_init' ExternalLinkage DefaultVisibility
Internalizing 'bfd_section_already_linked_table_free' ExternalLinkage DefaultVisibility
Internalizing '_bfd_fix_excluded_sec_syms' ExternalLinkage DefaultVisibility
Internalizing 'bfd_find_version_for_sym' ExternalLinkage DefaultVisibility
Internalizing 'bfd_hide_sym_by_version' ExternalLinkage DefaultVisibility
Internalizing 'bfd_link_check_relocs' ExternalLinkage DefaultVisibility
Internalizing '_bfd_generic_verify_endian_match' ExternalLinkage DefaultVisibility
Internalizing '_bfd_add_merge_section' ExternalLinkage DefaultVisibility
Internalizing '_bfd_merge_sections' ExternalLinkage DefaultVisibility
Internalizing '_bfd_write_merged_section' ExternalLinkage DefaultVisibility
Internalizing '_bfd_merge_sections_free' ExternalLinkage DefaultVisibility
Internalizing 'bfd_check_overflow' ExternalLinkage DefaultVisibility
Internalizing 'bfd_perform_relocation' ExternalLinkage DefaultVisibility
Internalizing 'bfd_install_relocation' ExternalLinkage DefaultVisibility
Internalizing 'bfd_reloc_name_lookup' ExternalLinkage DefaultVisibility
Internalizing 'bfd_get_reloc_code_name' ExternalLinkage DefaultVisibility
Internalizing '_bfd_discard_section_stabs' ExternalLinkage DefaultVisibility
Internalizing '_bfd_stab_section_offset' ExternalLinkage DefaultVisibility
Internalizing 'bfd_is_undefined_symclass' ExternalLinkage DefaultVisibility
Internalizing 'compress2' ExternalLinkage DefaultVisibility
Internalizing 'compress' ExternalLinkage DefaultVisibility
Internalizing 'compressBound' ExternalLinkage DefaultVisibility
Internalizing 'deflateInit2_' ExternalLinkage DefaultVisibility
Internalizing 'deflateReset' ExternalLinkage DefaultVisibility
Internalizing 'deflateResetKeep' ExternalLinkage DefaultVisibility
Internalizing 'deflateSetDictionary' ExternalLinkage DefaultVisibility
Internalizing 'deflateSetHeader' ExternalLinkage DefaultVisibility
Internalizing 'deflatePending' ExternalLinkage DefaultVisibility
Internalizing 'deflatePrime' ExternalLinkage DefaultVisibility
Internalizing 'deflateParams' ExternalLinkage DefaultVisibility
Internalizing 'deflateTune' ExternalLinkage DefaultVisibility
Internalizing 'deflateBound' ExternalLinkage DefaultVisibility
Internalizing 'deflateCopy' ExternalLinkage DefaultVisibility
Internalizing 'inflateResetKeep' ExternalLinkage DefaultVisibility
Internalizing 'inflateReset' ExternalLinkage DefaultVisibility
Internalizing 'inflateReset2' ExternalLinkage DefaultVisibility
Internalizing 'inflateInit2_' ExternalLinkage DefaultVisibility
Internalizing 'inflateInit_' ExternalLinkage DefaultVisibility
Internalizing 'inflatePrime' ExternalLinkage DefaultVisibility
Internalizing 'inflate' ExternalLinkage DefaultVisibility
Internalizing 'inflateEnd' ExternalLinkage DefaultVisibility
Internalizing 'inflateGetDictionary' ExternalLinkage DefaultVisibility
Internalizing 'inflateSetDictionary' ExternalLinkage DefaultVisibility
Internalizing 'inflateGetHeader' ExternalLinkage DefaultVisibility
Internalizing 'inflateSync' ExternalLinkage DefaultVisibility
Internalizing 'inflateSyncPoint' ExternalLinkage DefaultVisibility
Internalizing 'inflateCopy' ExternalLinkage DefaultVisibility
Internalizing 'inflateUndermine' ExternalLinkage DefaultVisibility
Internalizing 'inflateMark' ExternalLinkage DefaultVisibility
Internalizing 'inflate_table' ExternalLinkage DefaultVisibility
Internalizing '_tr_tally' ExternalLinkage DefaultVisibility
Internalizing 'zlibVersion' ExternalLinkage DefaultVisibility
Internalizing 'zlibCompileFlags' ExternalLinkage DefaultVisibility
Internalizing 'zError' ExternalLinkage DefaultVisibility
Internalizing 'adler32' ExternalLinkage DefaultVisibility
Internalizing 'adler32_combine' ExternalLinkage DefaultVisibility
Internalizing 'adler32_combine64' ExternalLinkage DefaultVisibility
Internalizing 'get_crc_table' ExternalLinkage DefaultVisibility
Internalizing 'crc32' ExternalLinkage DefaultVisibility
Internalizing 'crc32_combine' ExternalLinkage DefaultVisibility
Internalizing 'crc32_combine64' ExternalLinkage DefaultVisibility
Internalizing 'inflate_fast' ExternalLinkage DefaultVisibility
Internalizing 'set_cplus_marker_for_demangling' ExternalLinkage DefaultVisibility
Internalizing 'cplus_demangle_opname' ExternalLinkage DefaultVisibility
Internalizing 'cplus_demangle' ExternalLinkage DefaultVisibility
Internalizing 'ada_demangle' ExternalLinkage DefaultVisibility
Internalizing 'cplus_mangle_opname' ExternalLinkage DefaultVisibility
Internalizing 'cplus_demangle_set_style' ExternalLinkage DefaultVisibility
Internalizing 'cplus_demangle_name_to_style' ExternalLinkage DefaultVisibility
Internalizing 'rust_demangle' ExternalLinkage DefaultVisibility
Internalizing 'cplus_demangle_fill_name' ExternalLinkage DefaultVisibility
Internalizing 'cplus_demangle_fill_extended_operator' ExternalLinkage DefaultVisibility
Internalizing 'cplus_demangle_fill_ctor' ExternalLinkage DefaultVisibility
Internalizing 'cplus_demangle_fill_dtor' ExternalLinkage DefaultVisibility
Internalizing 'cplus_demangle_mangled_name' ExternalLinkage DefaultVisibility
Internalizing 'cplus_demangle_type' ExternalLinkage DefaultVisibility
Internalizing 'cplus_demangle_print_callback' ExternalLinkage DefaultVisibility
Internalizing 'cplus_demangle_print' ExternalLinkage DefaultVisibility
Internalizing 'cplus_demangle_init_info' ExternalLinkage DefaultVisibility
Internalizing 'cplus_demangle_v3' ExternalLinkage DefaultVisibility
Internalizing 'cplus_demangle_v3_callback' ExternalLinkage DefaultVisibility
Internalizing 'java_demangle_v3' ExternalLinkage DefaultVisibility
Internalizing 'java_demangle_v3_callback' ExternalLinkage DefaultVisibility
Internalizing 'is_gnu_v3_mangled_ctor' ExternalLinkage DefaultVisibility
Internalizing 'is_gnu_v3_mangled_dtor' ExternalLinkage DefaultVisibility
Internalizing 'dupargv' ExternalLinkage DefaultVisibility
Internalizing 'freeargv' ExternalLinkage DefaultVisibility
Internalizing 'buildargv' ExternalLinkage DefaultVisibility
Internalizing 'writeargv' ExternalLinkage DefaultVisibility
Internalizing 'expandargv' ExternalLinkage DefaultVisibility
Internalizing 'countargv' ExternalLinkage DefaultVisibility
Internalizing 'concat_length' ExternalLinkage DefaultVisibility
Internalizing 'concat_copy' ExternalLinkage DefaultVisibility
Internalizing 'concat_copy2' ExternalLinkage DefaultVisibility
Internalizing 'concat' ExternalLinkage DefaultVisibility
Internalizing 'reconcat' ExternalLinkage DefaultVisibility
Internalizing 'cplus_demangle_fill_component' ExternalLinkage DefaultVisibility
Internalizing 'cplus_demangle_fill_builtin_type' ExternalLinkage DefaultVisibility
Internalizing 'cplus_demangle_fill_operator' ExternalLinkage DefaultVisibility
Internalizing 'cplus_demangle_v3_components' ExternalLinkage DefaultVisibility
Internalizing 'dlang_demangle' ExternalLinkage DefaultVisibility
Internalizing 'get_DW_TAG_name' ExternalLinkage DefaultVisibility
Internalizing 'get_DW_FORM_name' ExternalLinkage DefaultVisibility
Internalizing 'get_DW_AT_name' ExternalLinkage DefaultVisibility
Internalizing 'get_DW_OP_name' ExternalLinkage DefaultVisibility
Internalizing 'get_DW_ATE_name' ExternalLinkage DefaultVisibility
Internalizing 'get_DW_CFA_name' ExternalLinkage DefaultVisibility
Internalizing 'filename_cmp' ExternalLinkage DefaultVisibility
Internalizing 'filename_ncmp' ExternalLinkage DefaultVisibility
Internalizing 'filename_hash' ExternalLinkage DefaultVisibility
Internalizing 'filename_eq' ExternalLinkage DefaultVisibility
Internalizing 'canonical_filename_eq' ExternalLinkage DefaultVisibility
Internalizing 'getpwd' ExternalLinkage DefaultVisibility
Internalizing 'htab_size' ExternalLinkage DefaultVisibility
Internalizing 'htab_elements' ExternalLinkage DefaultVisibility
Internalizing 'htab_create_alloc' ExternalLinkage DefaultVisibility
Internalizing 'htab_create_typed_alloc' ExternalLinkage DefaultVisibility
Internalizing 'htab_create_alloc_ex' ExternalLinkage DefaultVisibility
Internalizing 'htab_set_functions_ex' ExternalLinkage DefaultVisibility
Internalizing 'htab_create' ExternalLinkage DefaultVisibility
Internalizing 'htab_try_create' ExternalLinkage DefaultVisibility
Internalizing 'htab_delete' ExternalLinkage DefaultVisibility
Internalizing 'htab_empty' ExternalLinkage DefaultVisibility
Internalizing 'htab_find_with_hash' ExternalLinkage DefaultVisibility
Internalizing 'htab_find' ExternalLinkage DefaultVisibility
Internalizing 'htab_find_slot_with_hash' ExternalLinkage DefaultVisibility
Internalizing 'htab_find_slot' ExternalLinkage DefaultVisibility
Internalizing 'htab_remove_elt' ExternalLinkage DefaultVisibility
Internalizing 'htab_remove_elt_with_hash' ExternalLinkage DefaultVisibility
Internalizing 'htab_clear_slot' ExternalLinkage DefaultVisibility
Internalizing 'htab_traverse_noresize' ExternalLinkage DefaultVisibility
Internalizing 'htab_traverse' ExternalLinkage DefaultVisibility
Internalizing 'htab_collisions' ExternalLinkage DefaultVisibility
Internalizing 'htab_hash_string' ExternalLinkage DefaultVisibility
Internalizing 'iterative_hash' ExternalLinkage DefaultVisibility
Internalizing 'hex_init' ExternalLinkage DefaultVisibility
Internalizing 'unix_lbasename' ExternalLinkage DefaultVisibility
Internalizing 'dos_lbasename' ExternalLinkage DefaultVisibility
Internalizing 'lbasename' ExternalLinkage DefaultVisibility
Internalizing 'lrealpath' ExternalLinkage DefaultVisibility
Internalizing 'make_relative_prefix' ExternalLinkage DefaultVisibility
Internalizing 'make_relative_prefix_ignore_links' ExternalLinkage DefaultVisibility
Internalizing 'choose_tmpdir' ExternalLinkage DefaultVisibility
Internalizing 'make_temp_file' ExternalLinkage DefaultVisibility
Internalizing 'objalloc_create' ExternalLinkage DefaultVisibility
Internalizing '_objalloc_alloc' ExternalLinkage DefaultVisibility
Internalizing 'objalloc_free' ExternalLinkage DefaultVisibility
Internalizing 'objalloc_free_block' ExternalLinkage DefaultVisibility
Internalizing 'rust_is_mangled' ExternalLinkage DefaultVisibility
Internalizing 'rust_demangle_sym' ExternalLinkage DefaultVisibility
Internalizing 'unlink_if_ordinary' ExternalLinkage DefaultVisibility
Internalizing 'xexit' ExternalLinkage DefaultVisibility
Internalizing 'xmalloc_set_program_name' ExternalLinkage DefaultVisibility
Internalizing 'xmalloc_failed' ExternalLinkage DefaultVisibility
Internalizing 'xmalloc' ExternalLinkage DefaultVisibility
Internalizing 'xrealloc' ExternalLinkage DefaultVisibility
Internalizing 'xmemdup' ExternalLinkage DefaultVisibility
Internalizing 'xstrdup' ExternalLinkage DefaultVisibility
Internalizing 'xstrerror' ExternalLinkage DefaultVisibility
Internalizing 'dwarf_cutoff_level' ExternalLinkage DefaultVisibility
Internalizing 'dwarf_check' ExternalLinkage DefaultVisibility
Internalizing 'debug_displays' ExternalLinkage DefaultVisibility
Internalizing 'bfd_default_arch_struct' ExternalLinkage DefaultVisibility
Internalizing 'bfd_errmsgs' ExternalLinkage DefaultVisibility
Internalizing '_bfd_memory_iovec' ExternalLinkage DefaultVisibility
Internalizing 'bfd_use_reserved_id' ExternalLinkage DefaultVisibility
Internalizing '_bfd_std_section' ExternalLinkage DefaultVisibility
Internalizing 'bfd_target_vector' ExternalLinkage DefaultVisibility
Internalizing 'bfd_default_vector' ExternalLinkage DefaultVisibility
Internalizing 'bfd_associated_vector' ExternalLinkage DefaultVisibility
Internalizing '_bfd_target_vector_entries' ExternalLinkage DefaultVisibility
Internalizing 'binary_vec' ExternalLinkage DefaultVisibility
Internalizing 'ihex_vec' ExternalLinkage DefaultVisibility
Internalizing 'Chunk' ExternalLinkage DefaultVisibility
Internalizing 'S3Forced' ExternalLinkage DefaultVisibility
Internalizing 'srec_vec' ExternalLinkage DefaultVisibility
Internalizing 'symbolsrec_vec' ExternalLinkage DefaultVisibility
Internalizing 'tekhex_vec' ExternalLinkage DefaultVisibility
Internalizing 'verilog_vec' ExternalLinkage DefaultVisibility
Internalizing 'x86_64_elf64_vec' ExternalLinkage DefaultVisibility
Internalizing 'x86_64_elf64_cloudabi_vec' ExternalLinkage DefaultVisibility
Internalizing 'x86_64_elf64_fbsd_vec' ExternalLinkage DefaultVisibility
Internalizing 'x86_64_elf64_sol2_vec' ExternalLinkage DefaultVisibility
Internalizing 'x86_64_elf64_nacl_vec' ExternalLinkage DefaultVisibility
Internalizing 'x86_64_elf32_nacl_vec' ExternalLinkage DefaultVisibility
Internalizing 'l1om_elf64_vec' ExternalLinkage DefaultVisibility
Internalizing 'l1om_elf64_fbsd_vec' ExternalLinkage DefaultVisibility
Internalizing 'k1om_elf64_vec' ExternalLinkage DefaultVisibility
Internalizing 'k1om_elf64_fbsd_vec' ExternalLinkage DefaultVisibility
Internalizing 'x86_64_elf32_vec' ExternalLinkage DefaultVisibility
Internalizing '_bfd_elf64_size_info' ExternalLinkage DefaultVisibility
Internalizing 'bfd_elf_section_type_names' ExternalLinkage DefaultVisibility
Internalizing '_bfd_elf_large_com_section' ExternalLinkage DefaultVisibility
Internalizing 'dwarf_debug_sections' ExternalLinkage DefaultVisibility
Internalizing 'i386_elf32_vec' ExternalLinkage DefaultVisibility
Internalizing 'i386_elf32_fbsd_vec' ExternalLinkage DefaultVisibility
Internalizing 'i386_elf32_sol2_vec' ExternalLinkage DefaultVisibility
Internalizing 'iamcu_elf32_vec' ExternalLinkage DefaultVisibility
Internalizing 'i386_elf32_nacl_vec' ExternalLinkage DefaultVisibility
Internalizing 'i386_elf32_vxworks_vec' ExternalLinkage DefaultVisibility
Internalizing '_bfd_elf32_size_info' ExternalLinkage DefaultVisibility
Internalizing 'i386_aout_linux_vec' ExternalLinkage DefaultVisibility
Internalizing 'aout_32_ext_howto_table' ExternalLinkage DefaultVisibility
Internalizing 'aout_32_std_howto_table' ExternalLinkage DefaultVisibility
Internalizing 'i386_pei_vec' ExternalLinkage DefaultVisibility
Internalizing 'x86_64_pei_vec' ExternalLinkage DefaultVisibility
Internalizing 'elf64_be_vec' ExternalLinkage DefaultVisibility
Internalizing 'elf64_le_vec' ExternalLinkage DefaultVisibility
Internalizing 'elf32_be_vec' ExternalLinkage DefaultVisibility
Internalizing 'elf32_le_vec' ExternalLinkage DefaultVisibility
Internalizing 'plugin_vec' ExternalLinkage DefaultVisibility
Internalizing 'bfd_i386_nacl_arch' ExternalLinkage DefaultVisibility
Internalizing 'bfd_i386_arch' ExternalLinkage DefaultVisibility
Internalizing 'bfd_iamcu_arch' ExternalLinkage DefaultVisibility
Internalizing 'bfd_l1om_arch' ExternalLinkage DefaultVisibility
Internalizing 'bfd_k1om_arch' ExternalLinkage DefaultVisibility
Internalizing 'bfd_plugin_arch' ExternalLinkage DefaultVisibility
Internalizing 'deflate_copyright' ExternalLinkage DefaultVisibility
Internalizing 'inflate_copyright' ExternalLinkage DefaultVisibility
Internalizing '_dist_code' ExternalLinkage DefaultVisibility
Internalizing '_length_code' ExternalLinkage DefaultVisibility
Internalizing 'z_errmsg' ExternalLinkage DefaultVisibility
Internalizing 'current_demangling_style' ExternalLinkage DefaultVisibility
Internalizing 'libiberty_demanglers' ExternalLinkage DefaultVisibility
Internalizing 'cplus_demangle_operators' ExternalLinkage DefaultVisibility
Internalizing 'cplus_demangle_builtin_types' ExternalLinkage DefaultVisibility
Internalizing 'htab_hash_pointer' ExternalLinkage DefaultVisibility
Internalizing 'htab_eq_pointer' ExternalLinkage DefaultVisibility
Internalizing '_hex_value' ExternalLinkage DefaultVisibility
Internalizing '_sch_istable' ExternalLinkage DefaultVisibility
Internalizing '_sch_tolower' ExternalLinkage DefaultVisibility
Internalizing '_sch_toupper' ExternalLinkage DefaultVisibility
...progress...
Progress: internalized functions = 587 internalized globals = 73
/usr/lib/llvm-10/bin/opt -load=/occam/lib/libSeaDsa.so -load=/occam/lib/libprevirt.so /occam/examples/trimmer/objdump/slash/objdump.a.bc -o=/occam/examples/trimmer/objdump/slash/objdump.a.i.bc -Pinternalize -Pinternalize-wrt-interfaces main.iface => 0

EXECUTING: /usr/lib/llvm-10/bin/opt -disable-simplify-libcalls --disable-slp-vectorization -disable-inlining /occam/examples/trimmer/objdump/slash/objdump.a.i.bc -o /tmp/tmpWXGA21.bc -O3

EXECUTED: /usr/lib/llvm-10/bin/opt -disable-simplify-libcalls --disable-slp-vectorization -disable-inlining /occam/examples/trimmer/objdump/slash/objdump.a.i.bc -o /tmp/tmpWXGA21.bc -O3 WHICH RETURNED 0

EXECUTING: /usr/lib/llvm-10/bin/opt -load=/occam/lib/libSeaDsa.so -load=/occam/lib/libprevirt.so /tmp/tmpWXGA21.bc -o=/tmp/tmpHrn1Du.bc -Pdevirt -sea-dsa-type-aware=true -Pdevirt-with-cha

Sea-Dsa type aware!
WARNING: detected ptrtoint instruction that might be escaping the analysis. (@73334872)
WARNING: detected ptrtoint instruction that might be escaping the analysis. (@72532872)
WARNING: detected ptrtoint instruction that might be escaping the analysis. (@72292360)
WARNING: detected ptrtoint instruction that might be escaping the analysis. (@72293976)
WARNING: detected ptrtoint instruction that might be escaping the analysis. (@72748760)
WARNING: detected ptrtoint instruction that might be escaping the analysis. (@71275192)
WARNING: detected ptrtoint instruction that might be escaping the analysis. (@71540488)
WARNING: detected ptrtoint instruction that might be escaping the analysis. (@71532840)
WARNING: detected ptrtoint instruction that might be escaping the analysis. (@71526408)
WARNING: detected ptrtoint instruction that might be escaping the analysis. (@71673624)
WARNING: detected ptrtoint instruction that might be escaping the analysis. (@71302376)
WARNING: detected ptrtoint instruction that might be escaping the analysis. (@71631768)
WARNING: detected ptrtoint instruction that might be escaping the analysis. (@71001816)
WARNING: detected ptrtoint instruction that might be escaping the analysis. (@70791480)
WARNING: detected ptrtoint instruction that might be escaping the analysis. (@70815240)
WARNING: detected ptrtoint instruction that might be escaping the analysis. (@49105912)
WARNING: detected ptrtoint instruction that might be escaping the analysis. (@49106008)
WARNING: detected ptrtoint instruction that might be escaping the analysis. (@42003288)
WARNING: detected ptrtoint instruction that might be escaping the analysis. (@43121816)
WARNING: detected ptrtoint instruction that might be escaping the analysis. (@42088392)
WARNING: detected ptrtoint instruction that might be escaping the analysis. (@42090248)
WARNING: detected ptrtoint instruction that might be escaping the analysis. (@42092152)
WARNING: inttoptr @ addr 0x2837818 is (unsoundly) assumed to point to a fresh memory region.
WARNING: detected ptrtoint instruction that might be escaping the analysis. (@43695192)
WARNING: detected ptrtoint instruction that might be escaping the analysis. (@43521080)
WARNING: detected ptrtoint instruction that might be escaping the analysis. (@43531656)
WARNING: detected ptrtoint instruction that might be escaping the analysis. (@43535848)
WARNING: detected ptrtoint instruction that might be escaping the analysis. (@43544360)
WARNING: detected ptrtoint instruction that might be escaping the analysis. (@43469864)
WARNING: detected ptrtoint instruction that might be escaping the analysis. (@43495432)
WARNING: detected ptrtoint instruction that might be escaping the analysis. (@43379656)
WARNING: detected ptrtoint instruction that might be escaping the analysis. (@43380408)
WARNING: detected ptrtoint instruction that might be escaping the analysis. (@43399320)
WARNING: detected ptrtoint instruction that might be escaping the analysis. (@43410104)
WARNING: detected ptrtoint instruction that might be escaping the analysis. (@43411128)
WARNING: detected ptrtoint instruction that might be escaping the analysis. (@43421112)
WARNING: detected ptrtoint instruction that might be escaping the analysis. (@43429144)
WARNING: detected ptrtoint instruction that might be escaping the analysis. (@42496392)
WARNING: detected ptrtoint instruction that might be escaping the analysis. (@42544216)
WARNING: detected ptrtoint instruction that might be escaping the analysis. (@42545752)
WARNING: detected ptrtoint instruction that might be escaping the analysis. (@44173320)
WARNING: detected ptrtoint instruction that might be escaping the analysis. (@44043528)
WARNING: detected ptrtoint instruction that might be escaping the analysis. (@47631272)
WARNING: inttoptr @ addr 0x2d08268 is (unsoundly) assumed to point to a fresh memory region.
WARNING: detected ptrtoint instruction that might be escaping the analysis. (@47231736)
WARNING: detected ptrtoint instruction that might be escaping the analysis. (@48417384)
WARNING: inttoptr @ addr 0x2e48268 is (unsoundly) assumed to point to a fresh memory region.
WARNING: inttoptr @ addr 0x45c9f78 is (unsoundly) assumed to point to a fresh memory region.
WARNING: detected ptrtoint instruction that might be escaping the analysis. (@48741592)
WARNING: detected ptrtoint instruction that might be escaping the analysis. (@48741688)
WARNING: inttoptr @ addr 0x2e96938 is (unsoundly) assumed to point to a fresh memory region.
WARNING: detected ptrtoint instruction that might be escaping the analysis. (@49257224)
WARNING: detected ptrtoint instruction that might be escaping the analysis. (@49257320)
WARNING: inttoptr @ addr 0x2e96938 is (unsoundly) assumed to point to a fresh memory region.
WARNING: detected ptrtoint instruction that might be escaping the analysis. (@49392200)
WARNING: inttoptr @ addr 0x2f1bc48 is (unsoundly) assumed to point to a fresh memory region.
WARNING: detected ptrtoint instruction that might be escaping the analysis. (@52555480)
WARNING: detected ptrtoint instruction that might be escaping the analysis. (@52561976)
WARNING: shuffle vector inst is allocating a new cell: 0x4244148
WARNING: shuffle vector inst is allocating a new cell: 0x4244488
WARNING: shuffle vector inst is allocating a new cell: 0x42460f8
WARNING: shuffle vector inst is allocating a new cell: 0x42462e8
WARNING: shuffle vector inst is allocating a new cell: 0x4246608
WARNING: shuffle vector inst is allocating a new cell: 0x42467f8
WARNING: shuffle vector inst is allocating a new cell: 0x4246f98
WARNING: shuffle vector inst is allocating a new cell: 0x4247188
WARNING: shuffle vector inst is allocating a new cell: 0x4248338
WARNING: shuffle vector inst is allocating a new cell: 0x4248528
WARNING: shuffle vector inst is allocating a new cell: 0x4248848
WARNING: shuffle vector inst is allocating a new cell: 0x4248a38
WARNING: shuffle vector inst is allocating a new cell: 0x4249168
WARNING: shuffle vector inst is allocating a new cell: 0x4249358
WARNING: inttoptr @ addr 0x3662c98 is (unsoundly) assumed to point to a fresh memory region.
WARNING: inttoptr @ addr 0x3037268 is (unsoundly) assumed to point to a fresh memory region.
WARNING: inttoptr @ addr 0x303f788 is (unsoundly) assumed to point to a fresh memory region.
WARNING: inttoptr @ addr 0x3138c08 is (unsoundly) assumed to point to a fresh memory region.
WARNING: detected ptrtoint instruction that might be escaping the analysis. (@51469992)
WARNING: inttoptr @ addr 0x306d908 is (unsoundly) assumed to point to a fresh memory region.
WARNING: detected ptrtoint instruction that might be escaping the analysis. (@57658696)
WARNING: detected ptrtoint instruction that might be escaping the analysis. (@57686488)
WARNING: detected ptrtoint instruction that might be escaping the analysis. (@57689096)
WARNING: detected ptrtoint instruction that might be escaping the analysis. (@51226888)
WARNING: inttoptr @ addr 0x30dba78 is (unsoundly) assumed to point to a fresh memory region.
WARNING: inttoptr @ addr 0x312a2d8 is (unsoundly) assumed to point to a fresh memory region.
WARNING: inttoptr @ addr 0x312bed8 is (unsoundly) assumed to point to a fresh memory region.
WARNING: detected ptrtoint instruction that might be escaping the analysis. (@51858632)
Unexpected expression at valueCell:   %237 = insertelement <2 x %struct.elf_symbol_type.473*> %236, %struct.elf_symbol_type.473* %next.gep204, i32 1
Unexpected expression at valueCell:   %241 = insertelement <2 x %struct.elf_symbol_type.473*> %240, %struct.elf_symbol_type.473* %next.gep206, i32 1
WARNING: detected ptrtoint instruction that might be escaping the analysis. (@54106952)
WARNING: detected ptrtoint instruction that might be escaping the analysis. (@54085688)
WARNING: inttoptr @ addr 0x3395f38 is (unsoundly) assumed to point to a fresh memory region.
WARNING: detected ptrtoint instruction that might be escaping the analysis. (@54080568)
WARNING: detected ptrtoint instruction that might be escaping the analysis. (@53914936)
WARNING: inttoptr @ addr 0x3367d18 is (unsoundly) assumed to point to a fresh memory region.
WARNING: inttoptr @ addr 0x34026b8 is (unsoundly) assumed to point to a fresh memory region.
WARNING: detected ptrtoint instruction that might be escaping the analysis. (@58345400)
WARNING: detected ptrtoint instruction that might be escaping the analysis. (@58354552)
WARNING: detected ptrtoint instruction that might be escaping the analysis. (@58374536)
WARNING: detected ptrtoint instruction that might be escaping the analysis. (@58458504)
WARNING: detected ptrtoint instruction that might be escaping the analysis. (@58654136)
WARNING: detected ptrtoint instruction that might be escaping the analysis. (@58432168)
WARNING: inttoptr @ addr 0x37bb328 is (unsoundly) assumed to point to a fresh memory region.
WARNING: detected ptrtoint instruction that might be escaping the analysis. (@57826200)
WARNING: detected ptrtoint instruction that might be escaping the analysis. (@69293112)
WARNING: detected ptrtoint instruction that might be escaping the analysis. (@69297144)
WARNING: inttoptr @ addr 0x345bc48 is (unsoundly) assumed to point to a fresh memory region.
WARNING: detected ptrtoint instruction that might be escaping the analysis. (@55513576)
WARNING: inttoptr @ addr 0x34f33b8 is (unsoundly) assumed to point to a fresh memory region.
WARNING: inttoptr @ addr 0x34f3718 is (unsoundly) assumed to point to a fresh memory region.
WARNING: inttoptr @ addr 0x34f3168 is (unsoundly) assumed to point to a fresh memory region.
WARNING: inttoptr @ addr 0x34f4c08 is (unsoundly) assumed to point to a fresh memory region.
WARNING: detected ptrtoint instruction that might be escaping the analysis. (@69045112)
WARNING: detected ptrtoint instruction that might be escaping the analysis. (@69051832)
WARNING: inttoptr @ addr 0x41da7d8 is (unsoundly) assumed to point to a fresh memory region.
WARNING: detected ptrtoint instruction that might be escaping the analysis. (@69072200)
WARNING: inttoptr @ addr 0x41dfbf8 is (unsoundly) assumed to point to a fresh memory region.
WARNING: detected ptrtoint instruction that might be escaping the analysis. (@55033880)
WARNING: detected ptrtoint instruction that might be escaping the analysis. (@56116760)
WARNING: inttoptr @ addr 0x3585498 is (unsoundly) assumed to point to a fresh memory region.
WARNING: inttoptr @ addr 0x35f2798 is (unsoundly) assumed to point to a fresh memory region.
WARNING: inttoptr @ addr 0x35350c8 is (unsoundly) assumed to point to a fresh memory region.
WARNING: detected ptrtoint instruction that might be escaping the analysis. (@56866552)
WARNING: inttoptr @ addr 0x3629ab8 is (unsoundly) assumed to point to a fresh memory region.
WARNING: inttoptr @ addr 0x36bdd98 is (unsoundly) assumed to point to a fresh memory region.
WARNING: detected ptrtoint instruction that might be escaping the analysis. (@57420760)
WARNING: detected ptrtoint instruction that might be escaping the analysis. (@57498952)
WARNING: detected ptrtoint instruction that might be escaping the analysis. (@57458408)
WARNING: detected ptrtoint instruction that might be escaping the analysis. (@57467848)
WARNING: inttoptr @ addr 0x36ce6c8 is (unsoundly) assumed to point to a fresh memory region.
WARNING: detected ptrtoint instruction that might be escaping the analysis. (@57516120)
WARNING: inttoptr @ addr 0x36c1ae8 is (unsoundly) assumed to point to a fresh memory region.
WARNING: inttoptr @ addr 0x366fc48 is (unsoundly) assumed to point to a fresh memory region.
WARNING: inttoptr @ addr 0x382a2b8 is (unsoundly) assumed to point to a fresh memory region.
WARNING: inttoptr @ addr 0x38327a8 is (unsoundly) assumed to point to a fresh memory region.
WARNING: detected ptrtoint instruction that might be escaping the analysis. (@59702728)
WARNING: detected ptrtoint instruction that might be escaping the analysis. (@59523576)
WARNING: inttoptr @ addr 0x38c5338 is (unsoundly) assumed to point to a fresh memory region.
WARNING: inttoptr @ addr 0x3903788 is (unsoundly) assumed to point to a fresh memory region.
WARNING: inttoptr @ addr 0x3904ae8 is (unsoundly) assumed to point to a fresh memory region.
WARNING: inttoptr @ addr 0x3905b08 is (unsoundly) assumed to point to a fresh memory region.
Unexpected expression at valueCell:   %237 = insertelement <2 x %struct.elf_symbol_type.473*> %236, %struct.elf_symbol_type.473* %next.gep204, i32 1
Unexpected expression at valueCell:   %241 = insertelement <2 x %struct.elf_symbol_type.473*> %240, %struct.elf_symbol_type.473* %next.gep206, i32 1
WARNING: detected ptrtoint instruction that might be escaping the analysis. (@62339368)
WARNING: detected ptrtoint instruction that might be escaping the analysis. (@40867320)
WARNING: detected ptrtoint instruction that might be escaping the analysis. (@46410920)
WARNING: detected ptrtoint instruction that might be escaping the analysis. (@46415064)
WARNING: detected ptrtoint instruction that might be escaping the analysis. (@46419368)
WARNING: detected ptrtoint instruction that might be escaping the analysis. (@46418536)
WARNING: detected ptrtoint instruction that might be escaping the analysis. (@62760824)
WARNING: detected ptrtoint instruction that might be escaping the analysis. (@62766312)
WARNING: detected ptrtoint instruction that might be escaping the analysis. (@62941832)
WARNING: detected ptrtoint instruction that might be escaping the analysis. (@62925224)
WARNING: detected ptrtoint instruction that might be escaping the analysis. (@62913512)
WARNING: inttoptr @ addr 0x3bffd18 is (unsoundly) assumed to point to a fresh memory region.
WARNING: detected ptrtoint instruction that might be escaping the analysis. (@62914040)
WARNING: detected ptrtoint instruction that might be escaping the analysis. (@62917992)
WARNING: detected ptrtoint instruction that might be escaping the analysis. (@62919464)
WARNING: inttoptr @ addr 0x3c01668 is (unsoundly) assumed to point to a fresh memory region.
WARNING: detected ptrtoint instruction that might be escaping the analysis. (@46678056)
WARNING: detected ptrtoint instruction that might be escaping the analysis. (@46679704)
WARNING: detected ptrtoint instruction that might be escaping the analysis. (@46675336)
WARNING: detected ptrtoint instruction that might be escaping the analysis. (@46676040)
WARNING: detected ptrtoint instruction that might be escaping the analysis. (@46682968)
WARNING: detected ptrtoint instruction that might be escaping the analysis. (@46691160)
WARNING: detected ptrtoint instruction that might be escaping the analysis. (@46690712)
WARNING: detected ptrtoint instruction that might be escaping the analysis. (@46687960)
WARNING: detected ptrtoint instruction that might be escaping the analysis. (@46687512)
WARNING: detected ptrtoint instruction that might be escaping the analysis. (@61861864)
WARNING: detected ptrtoint instruction that might be escaping the analysis. (@63702712)
WARNING: detected ptrtoint instruction that might be escaping the analysis. (@63759832)
WARNING: detected ptrtoint instruction that might be escaping the analysis. (@63773672)
WARNING: detected ptrtoint instruction that might be escaping the analysis. (@63782920)
WARNING: detected ptrtoint instruction that might be escaping the analysis. (@63787672)
WARNING: detected ptrtoint instruction that might be escaping the analysis. (@46744600)
WARNING: detected ptrtoint instruction that might be escaping the analysis. (@67094568)
WARNING: detected ptrtoint instruction that might be escaping the analysis. (@67075864)
WARNING: detected ptrtoint instruction that might be escaping the analysis. (@67500328)
WARNING: detected ptrtoint instruction that might be escaping the analysis. (@67505816)
WARNING: detected ptrtoint instruction that might be escaping the analysis. (@67674088)
WARNING: detected ptrtoint instruction that might be escaping the analysis. (@67658632)
WARNING: detected ptrtoint instruction that might be escaping the analysis. (@67647688)
WARNING: inttoptr @ addr 0x40839f8 is (unsoundly) assumed to point to a fresh memory region.
WARNING: detected ptrtoint instruction that might be escaping the analysis. (@67648216)
WARNING: detected ptrtoint instruction that might be escaping the analysis. (@67652168)
WARNING: detected ptrtoint instruction that might be escaping the analysis. (@67653640)
WARNING: inttoptr @ addr 0x4085348 is (unsoundly) assumed to point to a fresh memory region.
WARNING: detected ptrtoint instruction that might be escaping the analysis. (@66518952)
WARNING: inttoptr @ addr 0x2e96938 is (unsoundly) assumed to point to a fresh memory region.
WARNING: shuffle vector inst is allocating a new cell: 0x277ed78
WARNING: shuffle vector inst is allocating a new cell: 0x277ee98
WARNING: shuffle vector inst is allocating a new cell: 0x277f018
WARNING: shuffle vector inst is allocating a new cell: 0x277f138
WARNING: Gep inst with a shuffle vector operand is allocating a new cell:   %42 = getelementptr inbounds %struct.bfd_symbol, <2 x %struct.bfd_symbol*> %34, <2 x i64> %vec.ind
WARNING: Gep inst with a shuffle vector operand is allocating a new cell:   %43 = getelementptr inbounds %struct.bfd_symbol, <2 x %struct.bfd_symbol*> %36, <2 x i64> %step.add
WARNING: Gep inst with a shuffle vector operand is allocating a new cell:   %48 = getelementptr inbounds %struct.bfd_symbol, <2 x %struct.bfd_symbol*> %39, <2 x i64> %vec.ind.next
WARNING: Gep inst with a shuffle vector operand is allocating a new cell:   %49 = getelementptr inbounds %struct.bfd_symbol, <2 x %struct.bfd_symbol*> %41, <2 x i64> %step.add.1
WARNING: shuffle vector inst is allocating a new cell: 0x27804c8
WARNING: shuffle vector inst is allocating a new cell: 0x27805e8
WARNING: Gep inst with a shuffle vector operand is allocating a new cell:   %59 = getelementptr inbounds %struct.bfd_symbol, <2 x %struct.bfd_symbol*> %56, <2 x i64> %vec.ind.unr
WARNING: Gep inst with a shuffle vector operand is allocating a new cell:   %60 = getelementptr inbounds %struct.bfd_symbol, <2 x %struct.bfd_symbol*> %58, <2 x i64> %step.add.epil
WARNING: inttoptr @ addr 0x2a69138 is (unsoundly) assumed to point to a fresh memory region.
WARNING: detected ptrtoint instruction that might be escaping the analysis. (@45619336)
WARNING: detected ptrtoint instruction that might be escaping the analysis. (@45621368)
WARNING: detected ptrtoint instruction that might be escaping the analysis. (@45525832)
WARNING: detected ptrtoint instruction that might be escaping the analysis. (@45630360)
WARNING: detected ptrtoint instruction that might be escaping the analysis. (@45631192)
WARNING: detected ptrtoint instruction that might be escaping the analysis. (@45444536)
WARNING: detected ptrtoint instruction that might be escaping the analysis. (@45442456)
WARNING: detected ptrtoint instruction that might be escaping the analysis. (@45439896)
WARNING: inttoptr @ addr 0x2b2f5f8 is (unsoundly) assumed to point to a fresh memory region.
WARNING: detected ptrtoint instruction that might be escaping the analysis. (@45779608)
WARNING: detected ptrtoint instruction that might be escaping the analysis. (@45974184)
WARNING: detected ptrtoint instruction that might be escaping the analysis. (@45947608)
WARNING: inttoptr @ addr 0x2be3428 is (unsoundly) assumed to point to a fresh memory region.
WARNING: inttoptr @ addr 0x2be3488 is (unsoundly) assumed to point to a fresh memory region.
WARNING: detected ptrtoint instruction that might be escaping the analysis. (@44882904)
WARNING: inttoptr @ addr 0x2a9fbe8 is (unsoundly) assumed to point to a fresh memory region.
