>> /usr/local/bin/slash --inter-spec-policy=none --intra-spec-policy=aggressive --no-strip --stats --work-dir=slash mini_httpd.manifest

EXECUTING: /usr/lib/llvm-10/bin/opt -load=/occam/lib/libSeaDsa.so -load=/occam/lib/libprevirt.so /occam/examples/trimmer/mini_httpd/slash/mini_httpd.bc -o=/dev/null -Pprofiler -profile-verbose=false -profile-loops=true -profile-safe-pointers=true -profile-outfile=/tmp/tmpgJvPdN

EXECUTED: /usr/lib/llvm-10/bin/opt -load=/occam/lib/libSeaDsa.so -load=/occam/lib/libprevirt.so /occam/examples/trimmer/mini_httpd/slash/mini_httpd.bc -o=/dev/null -Pprofiler -profile-verbose=false -profile-loops=true -profile-safe-pointers=true -profile-outfile=/tmp/tmpgJvPdN WHICH RETURNED 0

EXECUTING: /usr/lib/llvm-10/bin/opt -load=/occam/lib/libSeaDsa.so -load=/occam/lib/libprevirt.so /occam/examples/trimmer/mini_httpd/slash/mini_httpd.bc -o=/occam/examples/trimmer/mini_httpd/slash/mini_httpd.a.bc -Pfull-cmdline-spec -Pfull-cmdline-spec-input arguments -Pfull-cmdline-spec-name mini_httpd

Read 2 command line arguments:
	-C
	mini_httpd.conf
EXECUTED: /usr/lib/llvm-10/bin/opt -load=/occam/lib/libSeaDsa.so -load=/occam/lib/libprevirt.so /occam/examples/trimmer/mini_httpd/slash/mini_httpd.bc -o=/occam/examples/trimmer/mini_httpd/slash/mini_httpd.a.bc -Pfull-cmdline-spec -Pfull-cmdline-spec-input arguments -Pfull-cmdline-spec-name mini_httpd WHICH RETURNED 0

EXECUTING: /usr/lib/llvm-10/bin/opt -load=/occam/lib/libSeaDsa.so -load=/occam/lib/libprevirt.so /occam/examples/trimmer/mini_httpd/slash/mini_httpd.a.bc -o=/dev/null -Pinterface -Pinterface-output mini_httpd.01.iface

GatherInterfacePass::runOnModule: /occam/examples/trimmer/mini_httpd/slash/mini_httpd.a.bc
External call to strcmp
External call to printf
External call to exit
External call to strcmp
External call to strcmp
External call to strcmp
External call to atoi
External call to strcmp
External call to strcmp
External call to strcmp
External call to strcmp
External call to strcmp
External call to strcmp
External call to strcmp
External call to strcmp
External call to strcmp
External call to strcmp
External call to strcmp
External call to strcmp
External call to atoi
External call to strrchr
External call to openlog
External call to getuid
External call to getpwnam
External call to syslog
External call to fprintf
External call to exit
External call to fopen
External call to syslog
External call to perror
External call to exit
External call to syslog
External call to fprintf
External call to getuid
External call to fileno
External call to fchown
External call to syslog
External call to perror
External call to gethostname
External call to syslog
External call to fprintf
External call to exit
External call to syslog
External call to fprintf
External call to exit
External call to daemon
External call to syslog
External call to perror
External call to exit
External call to setsid
External call to fopen
External call to syslog
External call to perror
External call to exit
External call to getpid
External call to fprintf
External call to fclose
External call to tzset
External call to getuid
External call to syslog
External call to perror
External call to exit
External call to setgid
External call to syslog
External call to perror
External call to exit
External call to syslog
External call to perror
External call to chdir
External call to syslog
External call to perror
External call to exit
External call to getcwd
External call to strlen
External call to strcat
External call to chroot
External call to syslog
External call to perror
External call to exit
External call to strlen
External call to strncmp
External call to strlen
External call to strcpy
External call to syslog
External call to fprintf
External call to strcpy
External call to chdir
External call to syslog
External call to perror
External call to exit
External call to chdir
External call to syslog
External call to perror
External call to exit
External call to getuid
External call to setuid
External call to syslog
External call to perror
External call to exit
External call to syslog
External call to fprintf
External call to signal
External call to signal
External call to signal
External call to signal
External call to signal
External call to signal
External call to syslog
External call to syslog
External call to select
External call to __errno_location
External call to __errno_location
External call to syslog
External call to perror
External call to exit
External call to accept
External call to accept
External call to syslog
External call to fprintf
External call to exit
External call to __errno_location
External call to __errno_location
External call to __errno_location
External call to syslog
External call to perror
External call to exit
External call to fork
External call to syslog
External call to perror
External call to exit
External call to close
External call to close
External call to exit
External call to close
External call to fopen
External call to syslog
External call to perror
External call to exit
External call to fgets
External call to strchr
External call to strspn
External call to strcspn
External call to strlen
External call to strchr
External call to strcasecmp
External call to strcasecmp
External call to atoi
External call to strcasecmp
External call to strcasecmp
External call to strcasecmp
External call to strcasecmp
External call to strcasecmp
External call to strcasecmp
External call to strcasecmp
External call to strcasecmp
External call to strcasecmp
External call to strcasecmp
External call to strcasecmp
External call to strcasecmp
External call to strcasecmp
External call to strcasecmp
External call to strcasecmp
External call to strcasecmp
External call to atoi
External call to fprintf
External call to exit
External call to strspn
External call to fclose
External call to fprintf
External call to exit
Added reference to function strcmp
Added reference to function printf
Added reference to function exit
Added reference to function atoi
Added reference to function strrchr
Added reference to function openlog
Added reference to function getuid
Added reference to function getpwnam
Added reference to function syslog
Added reference to function fprintf
Added reference to function fopen
Added reference to function perror
Added reference to function fileno
Added reference to function fchown
Added reference to function gethostname
Added reference to function daemon
Added reference to function setsid
Added reference to function getpid
Added reference to function fclose
Added reference to function tzset
Added reference to function setgroups
Added reference to function setgid
Added reference to function initgroups
Added reference to function chdir
Added reference to function getcwd
Added reference to function strlen
Added reference to function strcat
Added reference to function chroot
Added reference to function strncmp
Added reference to function strcpy
Added reference to function setuid
Added reference to function signal
Added reference to function select
Added reference to function __errno_location
Added reference to function accept
Added reference to function fork
Added reference to function close
Added reference to function alarm
Added reference to function strstr
Added reference to function strpbrk
Added reference to function strspn
Added reference to function strchr
Added reference to function strncasecmp
Added reference to function atol
Added reference to function strcasecmp
Added reference to function stat
Added reference to function snprintf
Added reference to function alphasort
Added reference to function scandir
Added reference to function write
Added reference to function time
Added reference to function gmtime
Added reference to function strftime
Added reference to function localtime
Added reference to function fflush
Added reference to function lstat
Added reference to function __ctype_b_loc
Added reference to function sprintf
Added reference to function realloc
Added reference to function malloc
Added reference to function getnameinfo
Added reference to function htonl
Added reference to function tolower
Added reference to function fgets
Added reference to function crypt
Added reference to function strncpy
Added reference to function open
Added reference to function sendfile
Added reference to function dup2
Added reference to function pipe
Added reference to function closelog
Added reference to function nice
Added reference to function execve
Added reference to function strdup
Added reference to function read
Added reference to function sleep
Added reference to function shutdown
Added reference to function fcntl
Added reference to function getenv
Added reference to function getsockname
Added reference to function fread
Added reference to function qsort
Added reference to function waitpid
Added reference to function socket
Added reference to function setsockopt
Added reference to function bind
Added reference to function listen
Added reference to function getaddrinfo
Added reference to function gai_strerror
Added reference to function freeaddrinfo
Added reference to function strcspn
Added reference to function __isoc99_sscanf
Added reference to global stderr
Generated interface for /occam/examples/trimmer/mini_httpd/slash/mini_httpd.a.bc
## External calls:
	setgid(?)
	syslog(0x2,S:9881E722,?)
	syslog(0x2,S:7D2A997,?)
	syslog(0x4,S:7A82AAFC)
	syslog(0x4,S:7885D4E6)
	syslog(0x2,S:10EDE6EC)
	syslog(0x2,S:4595EADB)
	syslog(0x2,S:AA4F89D3)
	syslog(0x2,S:7D2A997,?)
	syslog(0x2,S:2413BEB)
	syslog(0x2,S:9467559F)
	syslog(0x3,S:C0A986F3)
	syslog(0x2,S:34162A89)
	syslog(0x2,S:A44CE6E)
	syslog(0x4,S:768D7B85)
	syslog(0x2,S:F12199F8)
	syslog(0x2,S:907098E1)
	syslog(0x2,S:F33583AD)
	syslog(0x4,S:869200E)
	syslog(0x5,S:94ED8E45,S:8475D343,?)
	syslog(0x5,S:B4810A9F,S:8475D343,?,?)
	syslog(0x2,S:D132B95F)
	syslog(0x2,S:C698D0A8)
	syslog(0x2,S:3055734F)
	syslog(0x2,S:CDF89DD1)
	syslog(0x2,S:7D2A997,?)
	getuid()
	getuid()
	getuid()
	getuid()
	getpwnam(?)
	strcpy(?,?)
	strcpy(?,S:60F)
	select(?,?,null,null,null)
	getpid()
	strrchr(?,0x2F)
	strspn(?,S:2482BC0)
	strspn(?,S:2482BC0)
	setsid()
	setuid(?)
	chroot(?)
	strcat(?,S:60F)
	openlog(?,0x9,0x18)
	strlen(?)
	strlen(?)
	strlen(?)
	strlen(?)
	fopen(?,S:C81)
	fopen(?,S:F57)
	fopen(?,S:EB2)
	tzset()
	fclose(?)
	fclose(?)
	signal(0xF,handle_sigterm)
	signal(0x2,handle_sigterm)
	signal(0xA,handle_sigterm)
	signal(0x1,handle_sighup)
	signal(0x11,handle_sigchld)
	signal(0xD,?)
	strcmp(?,S:CA83)
	strcmp(?,S:C810)
	strcmp(?,S:C831)
	strcmp(?,S:CDDD)
	strcmp(?,S:CC51)
	strcmp(?,S:1A6355)
	strcmp(?,S:CC30)
	strcmp(?,S:CE82)
	strcmp(?,S:CCD5)
	strcmp(?,S:CE1F)
	strcmp(?,S:CEA3)
	strcmp(?,S:CD59)
	strcmp(?,S:CCF6)
	strcmp(?,S:CA41)
	strcmp(?,S:C9BD)
	strcmp(?,S:C95A)
	fprintf(?,S:2CD27EBE,?,?)
	fprintf(?,S:808EF98,?)
	fprintf(?,S:99C4EC08,?)
	fprintf(?,S:667CBF17,?)
	fprintf(?,S:15F4B3,?)
	fprintf(?,S:FD311101,?)
	fprintf(?,S:A5A062AA,?)
	fprintf(?,S:D9B885C4,?)
	fprintf(?,S:948E66C1,?,?)
	fprintf(?,S:89E536F,?,?)
	fchown(?,?,?)
	strncmp(?,?,?)
	chdir(?)
EXECUTED: /usr/lib/llvm-10/bin/opt -load=/occam/lib/libSeaDsa.so -load=/occam/lib/libprevirt.so /occam/examples/trimmer/mini_httpd/slash/mini_httpd.a.bc -o=/dev/null -Pinterface -Pinterface-output mini_httpd.01.iface WHICH RETURNED 0

	chdir(?)
	chdir(?)
EXECUTING: /usr/lib/llvm-10/bin/opt -load=/occam/lib/libSeaDsa.so -load=/occam/lib/libprevirt.so /occam/examples/trimmer/mini_httpd/slash/mini_httpd.a.bc -o=/occam/examples/trimmer/mini_httpd/slash/mini_httpd.a.i.bc -Pinternalize -Pinternalize-wrt-interfaces main.iface

	atoi(?)
	atoi(?)
	atoi(?)
	atoi(?)
	strcspn(?,S:2482BC0)
	accept(?,?,?)
	accept(?,?,?)
	fork()
	printf(S:163482,S:8475D343)
	daemon(0x1,0x1)
	strcasecmp(?,S:F09F45E7)
	strcasecmp(?,S:8298A65)
	strcasecmp(?,S:38A33F)
	strcasecmp(?,S:D0257538)
	strcasecmp(?,S:BFABAEAF)
	strcasecmp(?,S:3DAF8AAC)
	strcasecmp(?,S:885FEDF)
	strcasecmp(?,S:BCB3FA58)
	strcasecmp(?,S:402B4858)
	strcasecmp(?,S:AD0F056A)
	strcasecmp(?,S:43F64A10)
	strcasecmp(?,S:798CA9E)
	strcasecmp(?,S:3FAAF02)
	strcasecmp(?,S:1AD984D4)
	strcasecmp(?,S:E0251C1D)
	strcasecmp(?,S:8DB21C0A)
	strcasecmp(?,S:3E51D3)
	strcasecmp(?,S:E1B1C032)
	close(?)
	close(?)
	close(?)
	strchr(?,0x23)
	strchr(?,0x3D)
	fgets(?,0x2710,?)
	perror(?)
	perror(S:BE98CA27)
	perror(S:FB6576F4)
	perror(?)
	perror(S:DE617A0C)
	perror(S:886FB340)
	perror(S:4F24C014)
	perror(S:EE814DEA)
	perror(S:BFABAEAF)
	perror(S:D60E9BF9)
	perror(S:5A2F6542)
	perror(S:8877608E)
	perror(S:87DDBF00)
	perror(S:18F882F0)
	perror(S:7749432)
	perror(?)
	exit(0x0)
	exit(0x1)
	exit(0x1)
	exit(0x1)
	exit(0x1)
	exit(0x1)
	exit(0x1)
	exit(0x1)
	exit(0x1)
	exit(0x1)
	exit(0x1)
	exit(0x1)
	exit(0x1)
	exit(0x1)
	exit(0x1)
	exit(0x1)
	exit(0x1)
	exit(0x1)
	exit(0x0)
	exit(0x1)
	exit(0x1)
	exit(0x1)
	__errno_location()
	__errno_location()
	__errno_location()
	__errno_location()
	__errno_location()
	fileno(?)
	getcwd(?,0xFFF)
	gethostname(?,0x1F4)
## External symbols:
	__ctype_b_loc
	__errno_location
	__isoc99_sscanf
	accept
	alarm
	alphasort
	atoi
	atol
	bind
	chdir
	chroot
	close
	closelog
	crypt
	daemon
	dup2
	execve
	exit
	fchown
	fclose
	fcntl
	fflush
	fgets
	fileno
	fopen
	fork
	fprintf
	fread
	freeaddrinfo
	gai_strerror
	getaddrinfo
	getcwd
	getenv
	gethostname
	getnameinfo
	getpid
	getpwnam
	getsockname
	getuid
	gmtime
	htonl
	initgroups
	listen
	localtime
	lstat
	malloc
	nice
	open
	openlog
	perror
	pipe
	printf
	qsort
	read
	realloc
	scandir
	select
	sendfile
	setgid
	setgroups
	setsid
	setsockopt
	setuid
	shutdown
	signal
	sleep
	snprintf
	socket
	sprintf
	stat
	stderr
	strcasecmp
	strcat
	strchr
	strcmp
	strcpy
	strcspn
	strdup
	strftime
	strlen
	strncasecmp
	strncmp
	strncpy
	strpbrk
	strrchr
	strspn
	strstr
	syslog
	time
	tolower
	tzset
	waitpid
	write

InternalizePass
Reading file 'main.iface'...success
Done reading.
InternalizePass::runOnModule: /occam/examples/trimmer/mini_httpd/slash/mini_httpd.a.bc
Internalizing '' ExternalLinkage DefaultVisibility
Internalizing 'match' ExternalLinkage DefaultVisibility
Internalizing 'tdate_parse' ExternalLinkage DefaultVisibility
...progress...
Progress: internalized functions = 3 internalized globals = 0
/usr/lib/llvm-10/bin/opt -load=/occam/lib/libSeaDsa.so -load=/occam/lib/libprevirt.so /occam/examples/trimmer/mini_httpd/slash/mini_httpd.a.bc -o=/occam/examples/trimmer/mini_httpd/slash/mini_httpd.a.i.bc -Pinternalize -Pinternalize-wrt-interfaces main.iface => 0

EXECUTING: /usr/lib/llvm-10/bin/opt -disable-simplify-libcalls --disable-slp-vectorization /occam/examples/trimmer/mini_httpd/slash/mini_httpd.a.i.bc -o /tmp/tmpInrG_6.bc -O3

EXECUTED: /usr/lib/llvm-10/bin/opt -disable-simplify-libcalls --disable-slp-vectorization /occam/examples/trimmer/mini_httpd/slash/mini_httpd.a.i.bc -o /tmp/tmpInrG_6.bc -O3 WHICH RETURNED 0

EXECUTING: /usr/lib/llvm-10/bin/opt -load=/occam/lib/libSeaDsa.so -load=/occam/lib/libprevirt.so /tmp/tmp8UFfwf.bc -o=/tmp/tmpp2CvdR.bc -Ppeval -Ppeval-policy=aggressive -Ppeval-opt

=== Begin intra-module specialization ===
Intra-specializing call to 'send_error' in function 'handle_request' on arguments [0=(i32 302),1=(i8* getelementptr inbounds ([6 x i8], [6 x i8]* @.str.132, i64 0, i64 0)),3=(i8* getelementptr inbounds ([35 x i8], [35 x i8]* @.str.133, i64 0, i64 0))]
Intra-specializing call to 'send_error' in function 'handle_request' on arguments [0=(i32 404),1=(i8* getelementptr inbounds ([10 x i8], [10 x i8]* @.str.128, i64 0, i64 0)),2=(i8* getelementptr inbounds ([1 x i8], [1 x i8]* @.str.109, i64 0, i64 0)),3=(i8* getelementptr inbounds ([16 x i8], [16 x i8]* @.str.129, i64 0, i64 0))]
Intra-specializing call to 'send_error' in function 'handle_request' on arguments [0=(i32 400),1=(i8* getelementptr inbounds ([12 x i8], [12 x i8]* @.str.112, i64 0, i64 0)),2=(i8* getelementptr inbounds ([1 x i8], [1 x i8]* @.str.109, i64 0, i64 0)),3=(i8* getelementptr inbounds ([18 x i8], [18 x i8]* @.str.127, i64 0, i64 0))]
Intra-specializing call to 'send_error' in function 'handle_request' on arguments [0=(i32 400),1=(i8* getelementptr inbounds ([12 x i8], [12 x i8]* @.str.112, i64 0, i64 0)),2=(i8* getelementptr inbounds ([1 x i8], [1 x i8]* @.str.109, i64 0, i64 0)),3=(i8* getelementptr inbounds ([14 x i8], [14 x i8]* @.str.125, i64 0, i64 0))]
Intra-specializing call to 'send_error' in function 'handle_request' on arguments [0=(i32 501),1=(i8* getelementptr inbounds ([16 x i8], [16 x i8]* @.str.123, i64 0, i64 0)),2=(i8* getelementptr inbounds ([1 x i8], [1 x i8]* @.str.109, i64 0, i64 0)),3=(i8* getelementptr inbounds ([32 x i8], [32 x i8]* @.str.124, i64 0, i64 0))]
Intra-specializing call to 'get_method_str' in function 'handle_request' on arguments [0=(i32 3)]
Intra-specializing call to 'get_method_str' in function 'handle_request' on arguments [0=(i32 2)]
Intra-specializing call to 'get_method_str' in function 'handle_request' on arguments [0=(i32 1)]
Intra-specializing call to 'send_error' in function 'handle_request' on arguments [0=(i32 400),1=(i8* getelementptr inbounds ([12 x i8], [12 x i8]* @.str.112, i64 0, i64 0)),2=(i8* getelementptr inbounds ([1 x i8], [1 x i8]* @.str.109, i64 0, i64 0)),3=(i8* getelementptr inbounds ([21 x i8], [21 x i8]* @.str.113, i64 0, i64 0))]
Intra-specializing call to 'send_error' in function 'handle_request' on arguments [0=(i32 400),1=(i8* getelementptr inbounds ([12 x i8], [12 x i8]* @.str.112, i64 0, i64 0)),2=(i8* getelementptr inbounds ([1 x i8], [1 x i8]* @.str.109, i64 0, i64 0)),3=(i8* getelementptr inbounds ([21 x i8], [21 x i8]* @.str.113, i64 0, i64 0))]
Intra-specializing call to 'send_error' in function 'handle_request' on arguments [0=(i32 400),1=(i8* getelementptr inbounds ([12 x i8], [12 x i8]* @.str.112, i64 0, i64 0)),2=(i8* getelementptr inbounds ([1 x i8], [1 x i8]* @.str.109, i64 0, i64 0)),3=(i8* getelementptr inbounds ([21 x i8], [21 x i8]* @.str.113, i64 0, i64 0))]
Intra-specializing call to 'send_error' in function 'handle_request' on arguments [0=(i32 400),1=(i8* getelementptr inbounds ([12 x i8], [12 x i8]* @.str.112, i64 0, i64 0)),2=(i8* getelementptr inbounds ([1 x i8], [1 x i8]* @.str.109, i64 0, i64 0)),3=(i8* getelementptr inbounds ([21 x i8], [21 x i8]* @.str.113, i64 0, i64 0))]
Intra-specializing call to 'my_read' in function 'handle_request' on arguments [1=(i64 10000)]
Intra-specializing call to 'send_error' in function 'handle_read_timeout' on arguments [0=(i32 408),1=(i8* getelementptr inbounds ([16 x i8], [16 x i8]* @.str.136, i64 0, i64 0)),2=(i8* getelementptr inbounds ([1 x i8], [1 x i8]* @.str.109, i64 0, i64 0)),3=(i8* getelementptr inbounds ([53 x i8], [53 x i8]* @.str.137, i64 0, i64 0))]
Intra-specializing call to 'add_headers' in function 'send_error' on arguments [3=(i8* getelementptr inbounds ([1 x i8], [1 x i8]* @.str.109, i64 0, i64 0)),4=(i8* getelementptr inbounds ([22 x i8], [22 x i8]* @.str.140, i64 0, i64 0)),5=(i64 -1),6=(i64 -1)]
Intra-specializing call to 'add_headers' in function 'do_file' on arguments [0=(i32 200),1=(i8* getelementptr inbounds ([3 x i8], [3 x i8]* @.str.190, i64 0, i64 0)),2=(i8* getelementptr inbounds ([1 x i8], [1 x i8]* @.str.109, i64 0, i64 0))]
Intra-specializing call to 'add_headers' in function 'do_file' on arguments [0=(i32 304),1=(i8* getelementptr inbounds ([13 x i8], [13 x i8]* @.str.189, i64 0, i64 0)),2=(i8* getelementptr inbounds ([1 x i8], [1 x i8]* @.str.109, i64 0, i64 0)),5=(i64 -1)]
Intra-specializing call to 'send_error' in function 'do_file' on arguments [0=(i32 403),1=(i8* getelementptr inbounds ([10 x i8], [10 x i8]* @.str.186, i64 0, i64 0)),2=(i8* getelementptr inbounds ([1 x i8], [1 x i8]* @.str.109, i64 0, i64 0)),3=(i8* getelementptr inbounds ([19 x i8], [19 x i8]* @.str.187, i64 0, i64 0))]
Intra-specializing call to 'send_error' in function 'do_file' on arguments [0=(i32 404),1=(i8* getelementptr inbounds ([10 x i8], [10 x i8]* @.str.128, i64 0, i64 0)),2=(i8* getelementptr inbounds ([1 x i8], [1 x i8]* @.str.109, i64 0, i64 0)),3=(i8* getelementptr inbounds ([16 x i8], [16 x i8]* @.str.129, i64 0, i64 0))]
Intra-specializing call to 'send_error' in function 'do_file' on arguments [0=(i32 403),1=(i8* getelementptr inbounds ([10 x i8], [10 x i8]* @.str.186, i64 0, i64 0)),2=(i8* getelementptr inbounds ([1 x i8], [1 x i8]* @.str.109, i64 0, i64 0)),3=(i8* getelementptr inbounds ([19 x i8], [19 x i8]* @.str.187, i64 0, i64 0))]
Intra-specializing call to 'add_headers' in function 'do_dir' on arguments [0=(i32 200),1=(i8* getelementptr inbounds ([3 x i8], [3 x i8]* @.str.190, i64 0, i64 0)),2=(i8* getelementptr inbounds ([1 x i8], [1 x i8]* @.str.109, i64 0, i64 0)),3=(i8* getelementptr inbounds ([1 x i8], [1 x i8]* @.str.109, i64 0, i64 0)),4=(i8* getelementptr inbounds ([22 x i8], [22 x i8]* @.str.140, i64 0, i64 0))]
Intra-specializing call to 'send_error' in function 'do_dir' on arguments [0=(i32 403),1=(i8* getelementptr inbounds ([10 x i8], [10 x i8]* @.str.186, i64 0, i64 0)),2=(i8* getelementptr inbounds ([1 x i8], [1 x i8]* @.str.109, i64 0, i64 0)),3=(i8* getelementptr inbounds ([24 x i8], [24 x i8]* @.str.567, i64 0, i64 0))]
Intra-specializing call to 'send_error' in function 'do_dir' on arguments [0=(i32 404),1=(i8* getelementptr inbounds ([10 x i8], [10 x i8]* @.str.128, i64 0, i64 0)),2=(i8* getelementptr inbounds ([1 x i8], [1 x i8]* @.str.109, i64 0, i64 0)),3=(i8* getelementptr inbounds ([16 x i8], [16 x i8]* @.str.129, i64 0, i64 0))]
Intra-specializing call to 'send_error' in function 'auth_check' on arguments [0=(i32 403),1=(i8* getelementptr inbounds ([10 x i8], [10 x i8]* @.str.186, i64 0, i64 0)),2=(i8* getelementptr inbounds ([1 x i8], [1 x i8]* @.str.109, i64 0, i64 0)),3=(i8* getelementptr inbounds ([19 x i8], [19 x i8]* @.str.187, i64 0, i64 0))]
Intra-specializing call to 'send_error' in function 'check_referer' on arguments [0=(i32 403),1=(i8* getelementptr inbounds ([10 x i8], [10 x i8]* @.str.186, i64 0, i64 0)),2=(i8* getelementptr inbounds ([1 x i8], [1 x i8]* @.str.109, i64 0, i64 0)),3=(i8* getelementptr inbounds ([33 x i8], [33 x i8]* @.str.197, i64 0, i64 0))]
Intra-specializing call to 'send_error' in function 'send_authenticate' on arguments [0=(i32 401),1=(i8* getelementptr inbounds ([13 x i8], [13 x i8]* @.str.194, i64 0, i64 0)),3=(i8* getelementptr inbounds ([24 x i8], [24 x i8]* @.str.195, i64 0, i64 0))]
Intra-specializing call to 'send_error' in function 'do_cgi' on arguments [0=(i32 500),1=(i8* getelementptr inbounds ([15 x i8], [15 x i8]* @.str.199, i64 0, i64 0)),2=(i8* getelementptr inbounds ([1 x i8], [1 x i8]* @.str.109, i64 0, i64 0)),3=(i8* getelementptr inbounds ([55 x i8], [55 x i8]* @.str.203, i64 0, i64 0))]
Intra-specializing call to 'send_error' in function 'do_cgi' on arguments [0=(i32 500),1=(i8* getelementptr inbounds ([15 x i8], [15 x i8]* @.str.199, i64 0, i64 0)),2=(i8* getelementptr inbounds ([1 x i8], [1 x i8]* @.str.109, i64 0, i64 0)),3=(i8* getelementptr inbounds ([55 x i8], [55 x i8]* @.str.201, i64 0, i64 0))]
Intra-specializing call to 'send_error' in function 'do_cgi' on arguments [0=(i32 500),1=(i8* getelementptr inbounds ([15 x i8], [15 x i8]* @.str.199, i64 0, i64 0)),2=(i8* getelementptr inbounds ([1 x i8], [1 x i8]* @.str.109, i64 0, i64 0)),3=(i8* getelementptr inbounds ([47 x i8], [47 x i8]* @.str.200, i64 0, i64 0))]
Intra-specializing call to 'send_error' in function 'do_cgi' on arguments [0=(i32 500),1=(i8* getelementptr inbounds ([15 x i8], [15 x i8]* @.str.199, i64 0, i64 0)),2=(i8* getelementptr inbounds ([1 x i8], [1 x i8]* @.str.109, i64 0, i64 0)),3=(i8* getelementptr inbounds ([55 x i8], [55 x i8]* @.str.201, i64 0, i64 0))]
Intra-specializing call to 'send_error' in function 'do_cgi' on arguments [0=(i32 500),1=(i8* getelementptr inbounds ([15 x i8], [15 x i8]* @.str.199, i64 0, i64 0)),2=(i8* getelementptr inbounds ([1 x i8], [1 x i8]* @.str.109, i64 0, i64 0)),3=(i8* getelementptr inbounds ([47 x i8], [47 x i8]* @.str.200, i64 0, i64 0))]
Intra-specializing call to 'send_error' in function 'do_cgi' on arguments [0=(i32 501),1=(i8* getelementptr inbounds ([16 x i8], [16 x i8]* @.str.123, i64 0, i64 0)),2=(i8* getelementptr inbounds ([1 x i8], [1 x i8]* @.str.109, i64 0, i64 0)),3=(i8* getelementptr inbounds ([40 x i8], [40 x i8]* @.str.198, i64 0, i64 0))]
Intra-specializing call to 'build_env' in function 'make_envp' on arguments [0=(i8* getelementptr inbounds ([6 x i8], [6 x i8]* @.str.231, i64 0, i64 0))]
Intra-specializing call to 'build_env' in function 'make_envp' on arguments [0=(i8* getelementptr inbounds ([13 x i8], [13 x i8]* @.str.228, i64 0, i64 0)),1=(i8* getelementptr inbounds ([6 x i8], [6 x i8]* @.str.229, i64 0, i64 0))]
Intra-specializing call to 'build_env' in function 'make_envp' on arguments [0=(i8* getelementptr inbounds ([15 x i8], [15 x i8]* @.str.227, i64 0, i64 0))]
Intra-specializing call to 'build_env' in function 'make_envp' on arguments [0=(i8* getelementptr inbounds ([18 x i8], [18 x i8]* @.str.226, i64 0, i64 0))]
Intra-specializing call to 'build_env' in function 'make_envp' on arguments [0=(i8* getelementptr inbounds ([16 x i8], [16 x i8]* @.str.224, i64 0, i64 0))]
Intra-specializing call to 'build_env' in function 'make_envp' on arguments [0=(i8* getelementptr inbounds ([13 x i8], [13 x i8]* @.str.223, i64 0, i64 0))]
Intra-specializing call to 'build_env' in function 'make_envp' on arguments [0=(i8* getelementptr inbounds ([15 x i8], [15 x i8]* @.str.222, i64 0, i64 0))]
Intra-specializing call to 'build_env' in function 'make_envp' on arguments [0=(i8* getelementptr inbounds ([19 x i8], [19 x i8]* @.str.221, i64 0, i64 0))]
Intra-specializing call to 'build_env' in function 'make_envp' on arguments [0=(i8* getelementptr inbounds ([16 x i8], [16 x i8]* @.str.220, i64 0, i64 0))]
Intra-specializing call to 'build_env' in function 'make_envp' on arguments [0=(i8* getelementptr inbounds ([15 x i8], [15 x i8]* @.str.219, i64 0, i64 0))]
Intra-specializing call to 'build_env' in function 'make_envp' on arguments [0=(i8* getelementptr inbounds ([16 x i8], [16 x i8]* @.str.218, i64 0, i64 0))]
Intra-specializing call to 'build_env' in function 'make_envp' on arguments [0=(i8* getelementptr inbounds ([19 x i8], [19 x i8]* @.str.217, i64 0, i64 0))]
Intra-specializing call to 'build_env' in function 'make_envp' on arguments [0=(i8* getelementptr inbounds ([14 x i8], [14 x i8]* @.str.216, i64 0, i64 0))]
Intra-specializing call to 'build_env' in function 'make_envp' on arguments [0=(i8* getelementptr inbounds ([15 x i8], [15 x i8]* @.str.215, i64 0, i64 0))]
Intra-specializing call to 'build_env' in function 'make_envp' on arguments [0=(i8* getelementptr inbounds ([18 x i8], [18 x i8]* @.str.214, i64 0, i64 0))]
Intra-specializing call to 'build_env' in function 'make_envp' on arguments [0=(i8* getelementptr inbounds ([15 x i8], [15 x i8]* @.str.213, i64 0, i64 0))]
Intra-specializing call to 'build_env' in function 'make_envp' on arguments [0=(i8* getelementptr inbounds ([15 x i8], [15 x i8]* @.str.209, i64 0, i64 0))]
Intra-specializing call to 'build_env' in function 'make_envp' on arguments [0=(i8* getelementptr inbounds ([19 x i8], [19 x i8]* @.str.208, i64 0, i64 0)),1=(i8* getelementptr inbounds ([26 x i8], [26 x i8]* @.str.4, i64 0, i64 0))]
Intra-specializing call to 'build_env' in function 'make_envp' on arguments [0=(i8* getelementptr inbounds ([19 x i8], [19 x i8]* @.str.206, i64 0, i64 0)),1=(i8* getelementptr inbounds ([24 x i8], [24 x i8]* @.str.207, i64 0, i64 0))]
Intra-specializing call to 'build_env' in function 'make_envp' on arguments [0=(i8* getelementptr inbounds ([8 x i8], [8 x i8]* @.str.204, i64 0, i64 0)),1=(i8* getelementptr inbounds ([38 x i8], [38 x i8]* @.str.205, i64 0, i64 0))]
Intra-specializing call to 'add_to_buf' in function 'cgi_interpose_output' on arguments [3=(i8* null),4=(i64 0)]
Intra-specializing call to 'my_write' in function 'cgi_interpose_output' on arguments [1=(i64 18)]
Intra-specializing call to 'match' in function 'send_error_tail' on arguments [0=(i8* getelementptr inbounds ([9 x i8], [9 x i8]* @.str.166, i64 0, i64 0))]
Intra-specializing call to 'strlong_search' in function 'scan_mon' on arguments [2=(i32 23)]
Intra-specializing call to 'strlong_search' in function 'scan_wday' on arguments [2=(i32 14)]
Intra-specializing call to 'send_error_body' in function '__occam_spec.send_error(0x12E,S:AB63C51C,?,S:E32B2F63)' on arguments [0=(i32 302),1=(i8* getelementptr inbounds ([6 x i8], [6 x i8]* @.str.132, i64 0, i64 0)),2=(i8* getelementptr inbounds ([35 x i8], [35 x i8]* @.str.133, i64 0, i64 0))]
Intra-specializing call to 'add_headers' in function '__occam_spec.send_error(0x12E,S:AB63C51C,?,S:E32B2F63)' on arguments [0=(i32 302),1=(i8* getelementptr inbounds ([6 x i8], [6 x i8]* @.str.132, i64 0, i64 0)),3=(i8* getelementptr inbounds ([1 x i8], [1 x i8]* @.str.109, i64 0, i64 0)),4=(i8* getelementptr inbounds ([22 x i8], [22 x i8]* @.str.140, i64 0, i64 0)),5=(i64 -1),6=(i64 -1)]
Intra-specializing call to 'send_error_body' in function '__occam_spec.send_error(0x194,S:15AD0AAD,S:0,S:D303C21B)' on arguments [0=(i32 404),1=(i8* getelementptr inbounds ([10 x i8], [10 x i8]* @.str.128, i64 0, i64 0)),2=(i8* getelementptr inbounds ([16 x i8], [16 x i8]* @.str.129, i64 0, i64 0))]
Intra-specializing call to 'add_headers' in function '__occam_spec.send_error(0x194,S:15AD0AAD,S:0,S:D303C21B)' on arguments [0=(i32 404),1=(i8* getelementptr inbounds ([10 x i8], [10 x i8]* @.str.128, i64 0, i64 0)),2=(i8* getelementptr inbounds ([1 x i8], [1 x i8]* @.str.109, i64 0, i64 0)),3=(i8* getelementptr inbounds ([1 x i8], [1 x i8]* @.str.109, i64 0, i64 0)),4=(i8* getelementptr inbounds ([22 x i8], [22 x i8]* @.str.140, i64 0, i64 0)),5=(i64 -1),6=(i64 -1)]
Intra-specializing call to 'send_error_body' in function '__occam_spec.send_error(0x190,S:66733650,S:0,S:1B615D29)' on arguments [0=(i32 400),1=(i8* getelementptr inbounds ([12 x i8], [12 x i8]* @.str.112, i64 0, i64 0)),2=(i8* getelementptr inbounds ([18 x i8], [18 x i8]* @.str.127, i64 0, i64 0))]
Intra-specializing call to 'add_headers' in function '__occam_spec.send_error(0x190,S:66733650,S:0,S:1B615D29)' on arguments [0=(i32 400),1=(i8* getelementptr inbounds ([12 x i8], [12 x i8]* @.str.112, i64 0, i64 0)),2=(i8* getelementptr inbounds ([1 x i8], [1 x i8]* @.str.109, i64 0, i64 0)),3=(i8* getelementptr inbounds ([1 x i8], [1 x i8]* @.str.109, i64 0, i64 0)),4=(i8* getelementptr inbounds ([22 x i8], [22 x i8]* @.str.140, i64 0, i64 0)),5=(i64 -1),6=(i64 -1)]
Intra-specializing call to 'send_error_body' in function '__occam_spec.send_error(0x190,S:66733650,S:0,S:99A8C1F6)' on arguments [0=(i32 400),1=(i8* getelementptr inbounds ([12 x i8], [12 x i8]* @.str.112, i64 0, i64 0)),2=(i8* getelementptr inbounds ([14 x i8], [14 x i8]* @.str.125, i64 0, i64 0))]
Intra-specializing call to 'add_headers' in function '__occam_spec.send_error(0x190,S:66733650,S:0,S:99A8C1F6)' on arguments [0=(i32 400),1=(i8* getelementptr inbounds ([12 x i8], [12 x i8]* @.str.112, i64 0, i64 0)),2=(i8* getelementptr inbounds ([1 x i8], [1 x i8]* @.str.109, i64 0, i64 0)),3=(i8* getelementptr inbounds ([1 x i8], [1 x i8]* @.str.109, i64 0, i64 0)),4=(i8* getelementptr inbounds ([22 x i8], [22 x i8]* @.str.140, i64 0, i64 0)),5=(i64 -1),6=(i64 -1)]
Intra-specializing call to 'send_error_body' in function '__occam_spec.send_error(0x1F5,S:E04926E5,S:0,S:C917D0E1)' on arguments [0=(i32 501),1=(i8* getelementptr inbounds ([16 x i8], [16 x i8]* @.str.123, i64 0, i64 0)),2=(i8* getelementptr inbounds ([32 x i8], [32 x i8]* @.str.124, i64 0, i64 0))]
Intra-specializing call to 'add_headers' in function '__occam_spec.send_error(0x1F5,S:E04926E5,S:0,S:C917D0E1)' on arguments [0=(i32 501),1=(i8* getelementptr inbounds ([16 x i8], [16 x i8]* @.str.123, i64 0, i64 0)),2=(i8* getelementptr inbounds ([1 x i8], [1 x i8]* @.str.109, i64 0, i64 0)),3=(i8* getelementptr inbounds ([1 x i8], [1 x i8]* @.str.109, i64 0, i64 0)),4=(i8* getelementptr inbounds ([22 x i8], [22 x i8]* @.str.140, i64 0, i64 0)),5=(i64 -1),6=(i64 -1)]
Intra-specializing call to 'send_error_body' in function '__occam_spec.send_error(0x190,S:66733650,S:0,S:651D791F)' on arguments [0=(i32 400),1=(i8* getelementptr inbounds ([12 x i8], [12 x i8]* @.str.112, i64 0, i64 0)),2=(i8* getelementptr inbounds ([21 x i8], [21 x i8]* @.str.113, i64 0, i64 0))]
Intra-specializing call to 'add_headers' in function '__occam_spec.send_error(0x190,S:66733650,S:0,S:651D791F)' on arguments [0=(i32 400),1=(i8* getelementptr inbounds ([12 x i8], [12 x i8]* @.str.112, i64 0, i64 0)),2=(i8* getelementptr inbounds ([1 x i8], [1 x i8]* @.str.109, i64 0, i64 0)),3=(i8* getelementptr inbounds ([1 x i8], [1 x i8]* @.str.109, i64 0, i64 0)),4=(i8* getelementptr inbounds ([22 x i8], [22 x i8]* @.str.140, i64 0, i64 0)),5=(i64 -1),6=(i64 -1)]
Intra-specializing call to 'send_error_body' in function '__occam_spec.send_error(0x198,S:7CDFF8F0,S:0,S:52DA3958)' on arguments [0=(i32 408),1=(i8* getelementptr inbounds ([16 x i8], [16 x i8]* @.str.136, i64 0, i64 0)),2=(i8* getelementptr inbounds ([53 x i8], [53 x i8]* @.str.137, i64 0, i64 0))]
Intra-specializing call to 'add_headers' in function '__occam_spec.send_error(0x198,S:7CDFF8F0,S:0,S:52DA3958)' on arguments [0=(i32 408),1=(i8* getelementptr inbounds ([16 x i8], [16 x i8]* @.str.136, i64 0, i64 0)),2=(i8* getelementptr inbounds ([1 x i8], [1 x i8]* @.str.109, i64 0, i64 0)),3=(i8* getelementptr inbounds ([1 x i8], [1 x i8]* @.str.109, i64 0, i64 0)),4=(i8* getelementptr inbounds ([22 x i8], [22 x i8]* @.str.140, i64 0, i64 0)),5=(i64 -1),6=(i64 -1)]
Intra-specializing call to 'send_error_body' in function '__occam_spec.send_error(0x193,S:462C8AAD,S:0,S:4733C8B4)' on arguments [0=(i32 403),1=(i8* getelementptr inbounds ([10 x i8], [10 x i8]* @.str.186, i64 0, i64 0)),2=(i8* getelementptr inbounds ([19 x i8], [19 x i8]* @.str.187, i64 0, i64 0))]
Intra-specializing call to '__occam_spec.add_headers(?,?,?,S:0,S:B1F71643,0x-1,0x-1)' in function '__occam_spec.send_error(0x193,S:462C8AAD,S:0,S:4733C8B4)' on arguments [0=(i32 403),1=(i8* getelementptr inbounds ([10 x i8], [10 x i8]* @.str.186, i64 0, i64 0)),2=(i8* getelementptr inbounds ([1 x i8], [1 x i8]* @.str.109, i64 0, i64 0))]
Intra-specializing call to 'send_error_body' in function '__occam_spec.send_error(0x193,S:462C8AAD,S:0,S:1A39E7C9)' on arguments [0=(i32 403),1=(i8* getelementptr inbounds ([10 x i8], [10 x i8]* @.str.186, i64 0, i64 0)),2=(i8* getelementptr inbounds ([24 x i8], [24 x i8]* @.str.567, i64 0, i64 0))]
Intra-specializing call to '__occam_spec.add_headers(?,?,?,S:0,S:B1F71643,0x-1,0x-1)' in function '__occam_spec.send_error(0x193,S:462C8AAD,S:0,S:1A39E7C9)' on arguments [0=(i32 403),1=(i8* getelementptr inbounds ([10 x i8], [10 x i8]* @.str.186, i64 0, i64 0)),2=(i8* getelementptr inbounds ([1 x i8], [1 x i8]* @.str.109, i64 0, i64 0))]
Intra-specializing call to 'send_error_body' in function '__occam_spec.send_error(0x193,S:462C8AAD,S:0,S:3775A3D8)' on arguments [0=(i32 403),1=(i8* getelementptr inbounds ([10 x i8], [10 x i8]* @.str.186, i64 0, i64 0)),2=(i8* getelementptr inbounds ([33 x i8], [33 x i8]* @.str.197, i64 0, i64 0))]
Intra-specializing call to '__occam_spec.add_headers(?,?,?,S:0,S:B1F71643,0x-1,0x-1)' in function '__occam_spec.send_error(0x193,S:462C8AAD,S:0,S:3775A3D8)' on arguments [0=(i32 403),1=(i8* getelementptr inbounds ([10 x i8], [10 x i8]* @.str.186, i64 0, i64 0)),2=(i8* getelementptr inbounds ([1 x i8], [1 x i8]* @.str.109, i64 0, i64 0))]
Intra-specializing call to 'send_error_body' in function '__occam_spec.send_error(0x191,S:F9541622,?,S:14EEE1E0)' on arguments [0=(i32 401),1=(i8* getelementptr inbounds ([13 x i8], [13 x i8]* @.str.194, i64 0, i64 0)),2=(i8* getelementptr inbounds ([24 x i8], [24 x i8]* @.str.195, i64 0, i64 0))]
Intra-specializing call to '__occam_spec.add_headers(?,?,?,S:0,S:B1F71643,0x-1,0x-1)' in function '__occam_spec.send_error(0x191,S:F9541622,?,S:14EEE1E0)' on arguments [0=(i32 401),1=(i8* getelementptr inbounds ([13 x i8], [13 x i8]* @.str.194, i64 0, i64 0))]
Intra-specializing call to 'send_error_body' in function '__occam_spec.send_error(0x1F4,S:8355C767,S:0,S:38717A49)' on arguments [0=(i32 500),1=(i8* getelementptr inbounds ([15 x i8], [15 x i8]* @.str.199, i64 0, i64 0)),2=(i8* getelementptr inbounds ([55 x i8], [55 x i8]* @.str.203, i64 0, i64 0))]
Intra-specializing call to '__occam_spec.add_headers(?,?,?,S:0,S:B1F71643,0x-1,0x-1)' in function '__occam_spec.send_error(0x1F4,S:8355C767,S:0,S:38717A49)' on arguments [0=(i32 500),1=(i8* getelementptr inbounds ([15 x i8], [15 x i8]* @.str.199, i64 0, i64 0)),2=(i8* getelementptr inbounds ([1 x i8], [1 x i8]* @.str.109, i64 0, i64 0))]
Intra-specializing call to 'send_error_body' in function '__occam_spec.send_error(0x1F4,S:8355C767,S:0,S:B1C528E6)' on arguments [0=(i32 500),1=(i8* getelementptr inbounds ([15 x i8], [15 x i8]* @.str.199, i64 0, i64 0)),2=(i8* getelementptr inbounds ([55 x i8], [55 x i8]* @.str.201, i64 0, i64 0))]
Intra-specializing call to '__occam_spec.add_headers(?,?,?,S:0,S:B1F71643,0x-1,0x-1)' in function '__occam_spec.send_error(0x1F4,S:8355C767,S:0,S:B1C528E6)' on arguments [0=(i32 500),1=(i8* getelementptr inbounds ([15 x i8], [15 x i8]* @.str.199, i64 0, i64 0)),2=(i8* getelementptr inbounds ([1 x i8], [1 x i8]* @.str.109, i64 0, i64 0))]
Intra-specializing call to 'send_error_body' in function '__occam_spec.send_error(0x1F4,S:8355C767,S:0,S:87877AC2)' on arguments [0=(i32 500),1=(i8* getelementptr inbounds ([15 x i8], [15 x i8]* @.str.199, i64 0, i64 0)),2=(i8* getelementptr inbounds ([47 x i8], [47 x i8]* @.str.200, i64 0, i64 0))]
Intra-specializing call to '__occam_spec.add_headers(?,?,?,S:0,S:B1F71643,0x-1,0x-1)' in function '__occam_spec.send_error(0x1F4,S:8355C767,S:0,S:87877AC2)' on arguments [0=(i32 500),1=(i8* getelementptr inbounds ([15 x i8], [15 x i8]* @.str.199, i64 0, i64 0)),2=(i8* getelementptr inbounds ([1 x i8], [1 x i8]* @.str.109, i64 0, i64 0))]
Intra-specializing call to 'send_error_body' in function '__occam_spec.send_error(0x1F5,S:E04926E5,S:0,S:A5CC3D3B)' on arguments [0=(i32 501),1=(i8* getelementptr inbounds ([16 x i8], [16 x i8]* @.str.123, i64 0, i64 0)),2=(i8* getelementptr inbounds ([40 x i8], [40 x i8]* @.str.198, i64 0, i64 0))]
Intra-specializing call to '__occam_spec.add_headers(?,?,?,S:0,S:B1F71643,0x-1,0x-1)' in function '__occam_spec.send_error(0x1F5,S:E04926E5,S:0,S:A5CC3D3B)' on arguments [0=(i32 501),1=(i8* getelementptr inbounds ([16 x i8], [16 x i8]* @.str.123, i64 0, i64 0)),2=(i8* getelementptr inbounds ([1 x i8], [1 x i8]* @.str.109, i64 0, i64 0))]
...progress...
Specialized 0 functions.
 === End intra-module specialization ===
/usr/lib/llvm-10/bin/opt -load=/occam/lib/libSeaDsa.so -load=/occam/lib/libprevirt.so /tmp/tmp8UFfwf.bc -o=/tmp/tmpp2CvdR.bc -Ppeval -Ppeval-policy=aggressive -Ppeval-opt => 0

EXECUTING: /usr/lib/llvm-10/bin/opt -disable-simplify-libcalls --disable-slp-vectorization /tmp/tmpInrG_6.bc -o /tmp/tmp8UFfwf.bc -O3

EXECUTED: /usr/lib/llvm-10/bin/opt -disable-simplify-libcalls --disable-slp-vectorization /tmp/tmpInrG_6.bc -o /tmp/tmp8UFfwf.bc -O3 WHICH RETURNED 0

EXECUTING: /usr/lib/llvm-10/bin/opt -load=/occam/lib/libSeaDsa.so -load=/occam/lib/libprevirt.so /tmp/tmp8UFfwf.bc -o=/tmp/tmpp2CvdR.bc -Ppeval -Ppeval-policy=aggressive -Ppeval-opt

=== Begin intra-module specialization ===
...no progress...
No specialization took place
 === End intra-module specialization ===
/usr/lib/llvm-10/bin/opt -load=/occam/lib/libSeaDsa.so -load=/occam/lib/libprevirt.so /tmp/tmp8UFfwf.bc -o=/tmp/tmpp2CvdR.bc -Ppeval -Ppeval-policy=aggressive -Ppeval-opt => 0

EXECUTING: /usr/lib/llvm-10/bin/opt -load=/occam/lib/libSeaDsa.so -load=/occam/lib/libprevirt.so /occam/examples/trimmer/mini_httpd/slash/mini_httpd.a.i.p.bc -o=/dev/null -Pinterface -Pinterface-output /tmp/tmpBWSOo9.iface -Pinterface-entry /tmp/tmpBWSOo9.iface

GatherInterfacePass::runOnModule: /occam/examples/trimmer/mini_httpd/slash/mini_httpd.a.i.p.bc
Reading interface from '/tmp/tmpBWSOo9.iface'...success
External call to malloc
External call to strcmp
External call to printf
External call to exit
External call to strcmp
External call to strcmp
External call to strcmp
External call to atoi
External call to strcmp
External call to strcmp
External call to strcmp
External call to strcmp
External call to strcmp
External call to strcmp
External call to strcmp
External call to strcmp
External call to strcmp
External call to strcmp
External call to strcmp
External call to strcmp
External call to atoi
External call to strrchr
External call to openlog
External call to getuid
External call to getpwnam
External call to syslog
External call to fprintf
External call to exit
External call to fopen
External call to syslog
External call to perror
External call to exit
External call to syslog
External call to fprintf
External call to getuid
External call to fileno
External call to fchown
External call to syslog
External call to perror
External call to gethostname
External call to syslog
External call to fprintf
External call to exit
External call to syslog
External call to fprintf
External call to exit
External call to daemon
External call to syslog
External call to perror
External call to exit
External call to setsid
External call to fopen
External call to syslog
External call to perror
External call to exit
External call to getpid
External call to fprintf
External call to fclose
External call to tzset
External call to getuid
External call to syslog
External call to perror
External call to exit
External call to setgid
External call to syslog
External call to perror
External call to exit
External call to syslog
External call to perror
External call to chdir
External call to syslog
External call to perror
External call to exit
External call to getcwd
External call to strlen
External call to strcat
External call to chroot
External call to syslog
External call to perror
External call to exit
External call to strlen
External call to strncmp
External call to strcpy
External call to syslog
External call to fprintf
External call to strcpy
External call to chdir
External call to syslog
External call to perror
External call to exit
External call to chdir
External call to syslog
External call to perror
External call to exit
External call to getuid
External call to setuid
External call to syslog
External call to perror
External call to exit
External call to syslog
External call to fprintf
External call to signal
External call to signal
External call to signal
External call to signal
External call to signal
External call to signal
External call to syslog
External call to syslog
External call to select
External call to __errno_location
External call to syslog
External call to perror
External call to exit
External call to syslog
External call to fprintf
External call to exit
External call to accept
External call to __errno_location
External call to syslog
External call to perror
External call to exit
External call to fork
External call to syslog
External call to perror
External call to exit
External call to close
External call to close
External call to exit
External call to close
External call to fopen
External call to fgets
External call to syslog
External call to perror
External call to exit
External call to fgets
External call to strchr
External call to strspn
External call to strcspn
External call to strlen
External call to strlen
External call to strchr
External call to strcasecmp
External call to strcasecmp
External call to atoi
External call to strcasecmp
External call to strcasecmp
External call to strcasecmp
External call to strcasecmp
External call to strcasecmp
External call to strcasecmp
External call to strcasecmp
External call to strcasecmp
External call to strcasecmp
External call to strcasecmp
External call to strcasecmp
External call to strcasecmp
External call to strcasecmp
External call to strcasecmp
External call to strcasecmp
External call to strcasecmp
External call to atoi
External call to fprintf
External call to exit
External call to strspn
External call to fclose
External call to fprintf
External call to exit
Added reference to function strcmp
Added reference to function printf
Added reference to function exit
Added reference to function atoi
Added reference to function strrchr
Added reference to function openlog
Added reference to function getuid
Added reference to function getpwnam
Added reference to function syslog
Added reference to function fprintf
Added reference to function fopen
Added reference to function perror
Added reference to function fileno
Added reference to function fchown
Added reference to function gethostname
Added reference to function daemon
Added reference to function setsid
Added reference to function getpid
Added reference to function fclose
Added reference to function tzset
Added reference to function setgroups
Added reference to function setgid
Added reference to function initgroups
Added reference to function chdir
Added reference to function getcwd
Added reference to function strlen
Added reference to function strcat
Added reference to function chroot
Added reference to function strncmp
Added reference to function strcpy
Added reference to function setuid
Added reference to function signal
Added reference to function select
Added reference to function __errno_location
Added reference to function accept
Added reference to function fork
Added reference to function close
Added reference to function alarm
Added reference to function strstr
Added reference to function strpbrk
Added reference to function strspn
Added reference to function strchr
Added reference to function strncasecmp
Added reference to function atol
Added reference to function strcasecmp
Added reference to function stat
Added reference to function snprintf
Added reference to function alphasort
Added reference to function scandir
Added reference to function write
Added reference to function time
Added reference to function gmtime
Added reference to function strftime
Added reference to function localtime
Added reference to function fflush
Added reference to function lstat
Added reference to function __ctype_b_loc
Added reference to function sprintf
Added reference to function realloc
Added reference to function malloc
Added reference to function getnameinfo
Added reference to function htonl
Added reference to function tolower
Added reference to function fgets
Added reference to function crypt
Added reference to function strncpy
Added reference to function open
Added reference to function sendfile
Added reference to function dup2
Added reference to function pipe
Added reference to function closelog
Added reference to function nice
Added reference to function execve
Added reference to function strdup
Added reference to function read
Added reference to function sleep
Added reference to function shutdown
Added reference to function fcntl
Added reference to function getenv
Added reference to function getsockname
Added reference to function fread
Added reference to function qsort
Added reference to function waitpid
Added reference to function socket
Added reference to function setsockopt
Added reference to function bind
Added reference to function listen
Added reference to function getaddrinfo
Added reference to function gai_strerror
Added reference to function freeaddrinfo
Added reference to function strcspn
Added reference to function __isoc99_sscanf
Added reference to global stderr
Generated interface for /occam/examples/trimmer/mini_httpd/slash/mini_httpd.a.i.p.bc
## External calls:
	setgid(?)
	syslog(0x2,S:9881E722,?)
	syslog(0x2,S:7D2A997,?)
	syslog(0x4,S:7A82AAFC)
	syslog(0x4,S:7885D4E6)
	syslog(0x2,S:10EDE6EC)
	syslog(0x2,S:4595EADB)
	syslog(0x2,S:AA4F89D3)
	syslog(0x2,S:7D2A997,?)
	syslog(0x2,S:2413BEB)
	syslog(0x2,S:9467559F)
	syslog(0x3,S:C0A986F3)
	syslog(0x2,S:34162A89)
	syslog(0x2,S:A44CE6E)
	syslog(0x4,S:768D7B85)
	syslog(0x2,S:F12199F8)
	syslog(0x2,S:907098E1)
	syslog(0x2,S:F33583AD)
	syslog(0x4,S:869200E)
	syslog(0x5,S:94ED8E45,S:8475D343,?)
	syslog(0x5,S:B4810A9F,S:8475D343,?,?)
	syslog(0x2,S:D132B95F)
	syslog(0x2,S:C698D0A8)
	syslog(0x2,S:3055734F)
	syslog(0x2,S:CDF89DD1)
	syslog(0x2,S:7D2A997,?)
	getuid()
	getuid()
	getuid()
	getuid()
	getpwnam(?)
	strcpy(?,?)
	strcpy(?,S:60F)
	select(?,?,null,null,null)
	fileno(?)
	strrchr(?,0x2F)
	strspn(?,S:2482BC0)
	strspn(?,S:2482BC0)
	setsid()
	setuid(?)
	chroot(?)
	strcat(?,S:60F)
	openlog(?,0x9,0x18)
	strlen(?)
	strlen(?)
	strlen(?)
	strlen(?)
	strcmp(?,S:CA83)
	strcmp(?,S:C810)
	strcmp(?,S:C831)
	strcmp(?,S:CDDD)
	strcmp(?,S:CC51)
	strcmp(?,S:1A6355)
	strcmp(?,S:CC30)
	strcmp(?,S:CE82)
EXECUTED: /usr/lib/llvm-10/bin/opt -load=/occam/lib/libSeaDsa.so -load=/occam/lib/libprevirt.so /occam/examples/trimmer/mini_httpd/slash/mini_httpd.a.i.p.bc -o=/dev/null -Pinterface -Pinterface-output /tmp/tmpBWSOo9.iface -Pinterface-entry /tmp/tmpBWSOo9.iface WHICH RETURNED 0

	strcmp(?,S:CCD5)
	strcmp(?,S:CE1F)
	strcmp(?,S:CEA3)
	strcmp(?,S:CD59)
	strcmp(?,S:CCF6)
EXECUTING: /usr/lib/llvm-10/bin/opt -load=/occam/lib/libSeaDsa.so -load=/occam/lib/libprevirt.so /occam/examples/trimmer/mini_httpd/slash/mini_httpd.a.i.p.bc -o=/dev/null -Pinterface -Pinterface-output /tmp/tmpBWSOo9.iface -Pinterface-entry /tmp/tmpBWSOo9.iface

	strcmp(?,S:CA41)
	strcmp(?,S:C9BD)
	strcmp(?,S:C95A)
	tzset()
	fopen(?,S:C81)
	fopen(?,S:F57)
	fopen(?,S:EB2)
	fclose(?)
	fclose(?)
	signal(0xF,handle_sigterm)
	signal(0x2,handle_sigterm)
	signal(0xA,handle_sigterm)
	signal(0x1,handle_sighup)
	signal(0x11,handle_sigchld)
	signal(0xD,?)
	fprintf(?,S:2CD27EBE,?,?)
	fprintf(?,S:808EF98,?)
	fprintf(?,S:99C4EC08,?)
	fprintf(?,S:667CBF17,?)
	fprintf(?,S:15F4B3,?)
	fprintf(?,S:FD311101,?)
	fprintf(?,S:A5A062AA,?)
	fprintf(?,S:D9B885C4,?)
	fprintf(?,S:948E66C1,?,?)
	fprintf(?,S:89E536F,?,?)
	fchown(?,?,?)
	strncmp(?,?,?)
	chdir(?)
	chdir(?)
	chdir(?)
	atoi(?)
	atoi(?)
	atoi(?)
	atoi(?)
	strcspn(?,S:2482BC0)
	accept(?,?,?)
	fork()
	printf(S:163482,S:8475D343)
	daemon(0x1,0x1)
	strcasecmp(?,S:F09F45E7)
	strcasecmp(?,S:8298A65)
	strcasecmp(?,S:38A33F)
	strcasecmp(?,S:D0257538)
	strcasecmp(?,S:BFABAEAF)
	strcasecmp(?,S:3DAF8AAC)
	strcasecmp(?,S:885FEDF)
	strcasecmp(?,S:BCB3FA58)
	strcasecmp(?,S:402B4858)
	strcasecmp(?,S:AD0F056A)
	strcasecmp(?,S:43F64A10)
	strcasecmp(?,S:798CA9E)
	strcasecmp(?,S:3FAAF02)
	strcasecmp(?,S:1AD984D4)
	strcasecmp(?,S:E0251C1D)
	strcasecmp(?,S:8DB21C0A)
	strcasecmp(?,S:3E51D3)
	strcasecmp(?,S:E1B1C032)
	close(?)
	close(?)
	close(?)
	strchr(?,0x23)
	strchr(?,0x3D)
	malloc(0x18)
	fgets(?,0x2710,?)
	fgets(?,0x2710,?)
	perror(?)
	perror(S:BE98CA27)
	perror(S:FB6576F4)
	perror(?)
	perror(S:DE617A0C)
	perror(S:886FB340)
	perror(S:4F24C014)
	perror(S:EE814DEA)
	perror(S:BFABAEAF)
	perror(S:D60E9BF9)
	perror(S:5A2F6542)
	perror(S:8877608E)
	perror(S:87DDBF00)
	perror(S:18F882F0)
	perror(S:7749432)
	perror(?)
	exit(0x0)
	exit(0x1)
	exit(0x1)
	exit(0x1)
	exit(0x1)
	exit(0x1)
	exit(0x1)
	exit(0x1)
	exit(0x1)
	exit(0x1)
	exit(0x1)
	exit(0x1)
	exit(0x1)
	exit(0x1)
	exit(0x1)
	exit(0x1)
	exit(0x1)
	exit(0x1)
	exit(0x0)
	exit(0x1)
	exit(0x1)
	exit(0x1)
	__errno_location()
	__errno_location()
	getpid()
	getcwd(?,0xFFF)
	gethostname(?,0x1F4)
## External symbols:
	__ctype_b_loc
	__errno_location
	__isoc99_sscanf
	accept
	alarm
	alphasort
	atoi
	atol
	bind
	chdir
	chroot
	close
	closelog
	crypt
	daemon
	dup2
	execve
	exit
	fchown
	fclose
	fcntl
	fflush
	fgets
	fileno
	fopen
	fork
	fprintf
	fread
	freeaddrinfo
	gai_strerror
	getaddrinfo
	getcwd
	getenv
	gethostname
	getnameinfo
	getpid
	getpwnam
	getsockname
	getuid
	gmtime
	htonl
	initgroups
	listen
	localtime
	lstat
	malloc
	nice
	open
	openlog
	perror
	pipe
	printf
	qsort
	read
	realloc
	scandir
	select
	sendfile
	setgid
	setgroups
	setsid
	setsockopt
	setuid
	shutdown
	signal
	sleep
	snprintf
	socket
	sprintf
	stat
	stderr
	strcasecmp
	strcat
	strchr
	strcmp
	strcpy
	strcspn
	strdup
	strftime
	strlen
	strncasecmp
	strncmp
	strncpy
	strpbrk
	strrchr
	strspn
	strstr
	syslog
	time
	tolower
	tzset
	waitpid
	write

GatherInterfacePass::runOnModule: /occam/examples/trimmer/mini_httpd/slash/mini_httpd.a.i.p.bc
Reading interface from '/tmp/tmpBWSOo9.iface'...success
External call to malloc
External call to strcmp
External call to printf
External call to exit
External call to strcmp
External call to strcmp
External call to strcmp
External call to atoi
External call to strcmp
External call to strcmp
External call to strcmp
External call to strcmp
External call to strcmp
External call to strcmp
External call to strcmp
External call to strcmp
External call to strcmp
External call to strcmp
External call to strcmp
External call to strcmp
External call to atoi
External call to strrchr
External call to openlog
External call to getuid
External call to getpwnam
External call to syslog
External call to fprintf
External call to exit
External call to fopen
External call to syslog
External call to perror
External call to exit
External call to syslog
External call to fprintf
External call to getuid
External call to fileno
External call to fchown
External call to syslog
External call to perror
External call to gethostname
External call to syslog
External call to fprintf
External call to exit
External call to syslog
External call to fprintf
External call to exit
External call to daemon
External call to syslog
External call to perror
External call to exit
External call to setsid
External call to fopen
External call to syslog
External call to perror
External call to exit
External call to getpid
External call to fprintf
External call to fclose
External call to tzset
External call to getuid
External call to syslog
External call to perror
External call to exit
External call to setgid
External call to syslog
External call to perror
External call to exit
External call to syslog
External call to perror
External call to chdir
External call to syslog
External call to perror
External call to exit
External call to getcwd
External call to strlen
External call to strcat
External call to chroot
External call to syslog
External call to perror
External call to exit
External call to strlen
External call to strncmp
External call to strcpy
External call to syslog
External call to fprintf
External call to strcpy
External call to chdir
External call to syslog
External call to perror
External call to exit
External call to chdir
External call to syslog
External call to perror
External call to exit
External call to getuid
External call to setuid
External call to syslog
External call to perror
External call to exit
External call to syslog
External call to fprintf
External call to signal
External call to signal
External call to signal
External call to signal
External call to signal
External call to signal
External call to syslog
External call to syslog
External call to select
External call to __errno_location
External call to syslog
External call to perror
External call to exit
External call to syslog
External call to fprintf
External call to exit
External call to accept
External call to __errno_location
External call to syslog
External call to perror
External call to exit
External call to fork
External call to syslog
External call to perror
External call to exit
External call to close
External call to close
External call to exit
External call to close
External call to fopen
External call to fgets
External call to syslog
External call to perror
External call to exit
External call to fgets
External call to strchr
External call to strspn
External call to strcspn
External call to strlen
External call to strlen
External call to strchr
External call to strcasecmp
External call to strcasecmp
External call to atoi
External call to strcasecmp
External call to strcasecmp
External call to strcasecmp
External call to strcasecmp
External call to strcasecmp
External call to strcasecmp
External call to strcasecmp
External call to strcasecmp
External call to strcasecmp
External call to strcasecmp
External call to strcasecmp
External call to strcasecmp
External call to strcasecmp
External call to strcasecmp
External call to strcasecmp
External call to strcasecmp
External call to atoi
External call to fprintf
External call to exit
External call to strspn
External call to fclose
External call to fprintf
External call to exit
Added reference to function strcmp
Added reference to function printf
Added reference to function exit
Added reference to function atoi
Added reference to function strrchr
Added reference to function openlog
Added reference to function getuid
Added reference to function getpwnam
Added reference to function syslog
Added reference to function fprintf
Added reference to function fopen
Added reference to function perror
Added reference to function fileno
Added reference to function fchown
Added reference to function gethostname
Added reference to function daemon
Added reference to function setsid
Added reference to function getpid
Added reference to function fclose
Added reference to function tzset
Added reference to function setgroups
Added reference to function setgid
Added reference to function initgroups
Added reference to function chdir
Added reference to function getcwd
Added reference to function strlen
Added reference to function strcat
Added reference to function chroot
Added reference to function strncmp
Added reference to function strcpy
Added reference to function setuid
Added reference to function signal
Added reference to function select
Added reference to function __errno_location
Added reference to function accept
Added reference to function fork
Added reference to function close
Added reference to function alarm
Added reference to function strstr
Added reference to function strpbrk
Added reference to function strspn
Added reference to function strchr
Added reference to function strncasecmp
Added reference to function atol
Added reference to function strcasecmp
Added reference to function stat
Added reference to function snprintf
Added reference to function alphasort
Added reference to function scandir
Added reference to function write
Added reference to function time
Added reference to function gmtime
Added reference to function strftime
Added reference to function localtime
Added reference to function fflush
Added reference to function lstat
Added reference to function __ctype_b_loc
Added reference to function sprintf
Added reference to function realloc
Added reference to function malloc
Added reference to function getnameinfo
Added reference to function htonl
Added reference to function tolower
Added reference to function fgets
Added reference to function crypt
Added reference to function strncpy
Added reference to function open
Added reference to function sendfile
Added reference to function dup2
Added reference to function pipe
Added reference to function closelog
Added reference to function nice
Added reference to function execve
Added reference to function strdup
Added reference to function read
Added reference to function sleep
Added reference to function shutdown
Added reference to function fcntl
Added reference to function getenv
Added reference to function getsockname
Added reference to function fread
Added reference to function qsort
Added reference to function waitpid
Added reference to function socket
Added reference to function setsockopt
Added reference to function bind
Added reference to function listen
Added reference to function getaddrinfo
Added reference to function gai_strerror
Added reference to function freeaddrinfo
Added reference to function strcspn
Added reference to function __isoc99_sscanf
Added reference to global stderr
Generated interface for /occam/examples/trimmer/mini_httpd/slash/mini_httpd.a.i.p.bc
## External calls:
	setgid(?)
	syslog(0x2,S:9881E722,?)
	syslog(0x2,S:7D2A997,?)
	syslog(0x4,S:7A82AAFC)
	syslog(0x4,S:7885D4E6)
	syslog(0x2,S:10EDE6EC)
	syslog(0x2,S:4595EADB)
	syslog(0x2,S:AA4F89D3)
	syslog(0x2,S:7D2A997,?)
	syslog(0x2,S:2413BEB)
	syslog(0x2,S:9467559F)
	syslog(0x3,S:C0A986F3)
	syslog(0x2,S:34162A89)
	syslog(0x2,S:A44CE6E)
	syslog(0x4,S:768D7B85)
	syslog(0x2,S:F12199F8)
	syslog(0x2,S:907098E1)
	syslog(0x2,S:F33583AD)
	syslog(0x4,S:869200E)
	syslog(0x5,S:94ED8E45,S:8475D343,?)
	syslog(0x5,S:B4810A9F,S:8475D343,?,?)
	syslog(0x2,S:D132B95F)
	syslog(0x2,S:C698D0A8)
	syslog(0x2,S:3055734F)
	syslog(0x2,S:CDF89DD1)
	syslog(0x2,S:7D2A997,?)
	getuid()
	getuid()
	getuid()
	getuid()
	getpwnam(?)
	strcpy(?,?)
	strcpy(?,S:60F)
	select(?,?,null,null,null)
	fileno(?)
	strrchr(?,0x2F)
	strspn(?,S:2482BC0)
	strspn(?,S:2482BC0)
	setsid()
	setuid(?)
	chroot(?)
	strcat(?,S:60F)
	openlog(?,0x9,0x18)
	strlen(?)
	strlen(?)
	strlen(?)
	strlen(?)
	strcmp(?,S:CA83)
	strcmp(?,S:C810)
	strcmp(?,S:C831)
	strcmp(?,S:CDDD)
	strcmp(?,S:CC51)
	strcmp(?,S:1A6355)
	strcmp(?,S:CC30)
	strcmp(?,S:CE82)
	strcmp(?,S:CCD5)
	strcmp(?,S:CE1F)
	strcmp(?,S:CEA3)
	strcmp(?,S:CD59)
	strcmp(?,S:CCF6)
	strcmp(?,S:CA41)
	strcmp(?,S:C9BD)
	strcmp(?,S:C95A)
	tzset()
	fopen(?,S:C81)
	fopen(?,S:F57)
	fopen(?,S:EB2)
	fclose(?)
	fclose(?)
	signal(0xF,handle_sigterm)
	signal(0x2,handle_sigterm)
	signal(0xA,handle_sigterm)
	signal(0x1,handle_sighup)
	signal(0x11,handle_sigchld)
	signal(0xD,?)
	fprintf(?,S:2CD27EBE,?,?)
	fprintf(?,S:808EF98,?)
	fprintf(?,S:99C4EC08,?)
	fprintf(?,S:667CBF17,?)
	fprintf(?,S:15F4B3,?)
	fprintf(?,S:FD311101,?)
	fprintf(?,S:A5A062AA,?)
	fprintf(?,S:D9B885C4,?)
	fprintf(?,S:948E66C1,?,?)
	fprintf(?,S:89E536F,?,?)
	fchown(?,?,?)
	strncmp(?,?,?)
	chdir(?)
	chdir(?)
	chdir(?)
	atoi(?)
	atoi(?)
	atoi(?)
	atoi(?)
	strcspn(?,S:2482BC0)
	accept(?,?,?)
	fork()
	printf(S:163482,S:8475D343)
	daemon(0x1,0x1)
	strcasecmp(?,S:F09F45E7)
	strcasecmp(?,S:8298A65)
	strcasecmp(?,S:38A33F)
	strcasecmp(?,S:D0257538)
EXECUTED: /usr/lib/llvm-10/bin/opt -load=/occam/lib/libSeaDsa.so -load=/occam/lib/libprevirt.so /occam/examples/trimmer/mini_httpd/slash/mini_httpd.a.i.p.bc -o=/dev/null -Pinterface -Pinterface-output /tmp/tmpBWSOo9.iface -Pinterface-entry /tmp/tmpBWSOo9.iface WHICH RETURNED 0

	strcasecmp(?,S:BFABAEAF)
	strcasecmp(?,S:3DAF8AAC)
	strcasecmp(?,S:885FEDF)
	strcasecmp(?,S:BCB3FA58)
	strcasecmp(?,S:402B4858)
	strcasecmp(?,S:AD0F056A)
	strcasecmp(?,S:43F64A10)
	strcasecmp(?,S:798CA9E)
	strcasecmp(?,S:3FAAF02)
	strcasecmp(?,S:1AD984D4)
	strcasecmp(?,S:E0251C1D)
	strcasecmp(?,S:8DB21C0A)
EXECUTING: /usr/lib/llvm-10/bin/opt -load=/occam/lib/libSeaDsa.so -load=/occam/lib/libprevirt.so /occam/examples/trimmer/mini_httpd/slash/mini_httpd.a.i.p.bc -o=/dev/null -Pinterface -Pinterface-output mini_httpd.02.iface

	strcasecmp(?,S:3E51D3)
	strcasecmp(?,S:E1B1C032)
	close(?)
	close(?)
	close(?)
	strchr(?,0x23)
	strchr(?,0x3D)
	malloc(0x18)
	fgets(?,0x2710,?)
	fgets(?,0x2710,?)
	perror(?)
	perror(S:BE98CA27)
	perror(S:FB6576F4)
	perror(?)
	perror(S:DE617A0C)
	perror(S:886FB340)
	perror(S:4F24C014)
	perror(S:EE814DEA)
	perror(S:BFABAEAF)
	perror(S:D60E9BF9)
	perror(S:5A2F6542)
	perror(S:8877608E)
	perror(S:87DDBF00)
	perror(S:18F882F0)
	perror(S:7749432)
	perror(?)
	exit(0x0)
	exit(0x1)
	exit(0x1)
	exit(0x1)
	exit(0x1)
	exit(0x1)
	exit(0x1)
	exit(0x1)
	exit(0x1)
	exit(0x1)
	exit(0x1)
	exit(0x1)
	exit(0x1)
	exit(0x1)
	exit(0x1)
	exit(0x1)
	exit(0x1)
	exit(0x1)
	exit(0x0)
	exit(0x1)
	exit(0x1)
	exit(0x1)
	__errno_location()
	__errno_location()
	getpid()
	getcwd(?,0xFFF)
	gethostname(?,0x1F4)
## External symbols:
	__ctype_b_loc
	__errno_location
	__isoc99_sscanf
	accept
	alarm
	alphasort
	atoi
	atol
	bind
	chdir
	chroot
	close
	closelog
	crypt
	daemon
	dup2
	execve
	exit
	fchown
	fclose
	fcntl
	fflush
	fgets
	fileno
	fopen
	fork
	fprintf
	fread
	freeaddrinfo
	gai_strerror
	getaddrinfo
	getcwd
	getenv
	gethostname
	getnameinfo
	getpid
	getpwnam
	getsockname
	getuid
	gmtime
	htonl
	initgroups
	listen
	localtime
	lstat
	malloc
	nice
	open
	openlog
	perror
	pipe
	printf
	qsort
	read
	realloc
	scandir
	select
	sendfile
	setgid
	setgroups
	setsid
	setsockopt
	setuid
	shutdown
	signal
	sleep
	snprintf
	socket
	sprintf
	stat
	stderr
	strcasecmp
	strcat
	strchr
	strcmp
	strcpy
	strcspn
	strdup
	strftime
	strlen
	strncasecmp
	strncmp
	strncpy
	strpbrk
	strrchr
	strspn
	strstr
	syslog
	time
	tolower
	tzset
	waitpid
	write

GatherInterfacePass::runOnModule: /occam/examples/trimmer/mini_httpd/slash/mini_httpd.a.i.p.bc
Added reference to function strcmp
Added reference to function printf
Added reference to function exit
Added reference to function atoi
Added reference to function strrchr
Added reference to function openlog
Added reference to function getuid
Added reference to function getpwnam
Added reference to function syslog
Added reference to function fprintf
Added reference to function fopen
Added reference to function perror
Added reference to function fileno
Added reference to function fchown
Added reference to function gethostname
Added reference to function daemon
Added reference to function setsid
Added reference to function getpid
Added reference to function fclose
Added reference to function tzset
Added reference to function setgroups
Added reference to function setgid
Added reference to function initgroups
Added reference to function chdir
Added reference to function getcwd
Added reference to function strlen
Added reference to function strcat
Added reference to function chroot
Added reference to function strncmp
Added reference to function strcpy
Added reference to function setuid
Added reference to function signal
Added reference to function select
Added reference to function __errno_location
Added reference to function accept
Added reference to function fork
Added reference to function close
Added reference to function alarm
Added reference to function strstr
Added reference to function strpbrk
Added reference to function strspn
Added reference to function strchr
Added reference to function strncasecmp
Added reference to function atol
Added reference to function strcasecmp
Added reference to function stat
Added reference to function snprintf
Added reference to function alphasort
Added reference to function scandir
Added reference to function write
Added reference to function time
Added reference to function gmtime
Added reference to function strftime
Added reference to function localtime
Added reference to function fflush
Added reference to function lstat
Added reference to function __ctype_b_loc
Added reference to function sprintf
Added reference to function realloc
Added reference to function malloc
Added reference to function getnameinfo
Added reference to function htonl
Added reference to function tolower
Added reference to function fgets
Added reference to function crypt
Added reference to function strncpy
Added reference to function open
Added reference to function sendfile
Added reference to function dup2
Added reference to function pipe
Added reference to function closelog
Added reference to function nice
Added reference to function execve
Added reference to function strdup
Added reference to function read
Added reference to function sleep
Added reference to function shutdown
Added reference to function fcntl
Added reference to function getenv
Added reference to function getsockname
Added reference to function fread
Added reference to function qsort
Added reference to function waitpid
Added reference to function socket
Added reference to function setsockopt
Added reference to function bind
Added reference to function listen
Added reference to function getaddrinfo
Added reference to function gai_strerror
Added reference to function freeaddrinfo
Added reference to function strcspn
Added reference to function __isoc99_sscanf
Added reference to global stderr
Generated interface for /occam/examples/trimmer/mini_httpd/slash/mini_httpd.a.i.p.bc
## External calls:
## External symbols:
	__ctype_b_loc
	__errno_location
	__isoc99_sscanf
	accept
	alarm
	alphasort
	atoi
	atol
	bind
	chdir
	chroot
	close
	closelog
	crypt
	daemon
	dup2
	execve
	exit
	fchown
	fclose
	fcntl
	fflush
	fgets
	fileno
	fopen
	fork
	fprintf
	fread
	freeaddrinfo
	gai_strerror
	getaddrinfo
	getcwd
	getenv
	gethostname
	getnameinfo
	getpid
	getpwnam
	getsockname
	getuid
	gmtime
	htonl
	initgroups
	listen
	localtime
	lstat
	malloc
	nice
	open
	openlog
	perror
	pipe
	printf
	qsort
	read
	realloc
	scandir
	select
	sendfile
	setgid
	setgroups
	setsid
	setsockopt
	setuid
	shutdown
	signal
	sleep
	snprintf
	socket
	sprintf
	stat
	stderr
	strcasecmp
	strcat
	strchr
	strcmp
	strcpy
	strcspn
	strdup
	strftime
	strlen
	strncasecmp
	strncmp
	strncpy
	strpbrk
	strrchr
	strspn
	strstr
	syslog
	time
	tolower
	tzset
	waitpid
	write

EXECUTED: /usr/lib/llvm-10/bin/opt -load=/occam/lib/libSeaDsa.so -load=/occam/lib/libprevirt.so /occam/examples/trimmer/mini_httpd/slash/mini_httpd.a.i.p.bc -o=/dev/null -Pinterface -Pinterface-output mini_httpd.02.iface WHICH RETURNED 0

EXECUTING: /usr/lib/llvm-10/bin/opt -load=/occam/lib/libSeaDsa.so -load=/occam/lib/libprevirt.so /occam/examples/trimmer/mini_httpd/slash/mini_httpd.a.i.p.bc -o=/occam/examples/trimmer/mini_httpd/slash/mini_httpd.a.i.p.i.bc -Pinternalize -Pinternalize-wrt-interfaces main.iface

InternalizePass
Reading file 'main.iface'...success
Done reading.
InternalizePass::runOnModule: /occam/examples/trimmer/mini_httpd/slash/mini_httpd.a.i.p.bc
...no progress...
/usr/lib/llvm-10/bin/opt -load=/occam/lib/libSeaDsa.so -load=/occam/lib/libprevirt.so /occam/examples/trimmer/mini_httpd/slash/mini_httpd.a.i.p.bc -o=/occam/examples/trimmer/mini_httpd/slash/mini_httpd.a.i.p.i.bc -Pinternalize -Pinternalize-wrt-interfaces main.iface => 0

EXECUTING: /usr/lib/llvm-10/bin/opt -load=/occam/lib/libSeaDsa.so -load=/occam/lib/libprevirt.so /occam/examples/trimmer/mini_httpd/slash/mini_httpd.a.i.p.i.bc -o=/dev/null -Pinterface -Pinterface-output /tmp/tmpg8ACJT.iface -Pinterface-entry /tmp/tmpg8ACJT.iface

GatherInterfacePass::runOnModule: /occam/examples/trimmer/mini_httpd/slash/mini_httpd.a.i.p.i.bc
Reading interface from '/tmp/tmpg8ACJT.iface'...success
External call to malloc
External call to strcmp
External call to printf
External call to exit
External call to strcmp
External call to strcmp
External call to strcmp
External call to atoi
External call to strcmp
External call to strcmp
External call to strcmp
External call to strcmp
External call to strcmp
External call to strcmp
External call to strcmp
External call to strcmp
External call to strcmp
External call to strcmp
External call to strcmp
External call to strcmp
External call to atoi
External call to strrchr
External call to openlog
External call to getuid
External call to getpwnam
External call to syslog
External call to fprintf
External call to exit
External call to fopen
External call to syslog
External call to perror
External call to exit
External call to syslog
External call to fprintf
External call to getuid
External call to fileno
External call to fchown
External call to syslog
External call to perror
External call to gethostname
External call to syslog
External call to fprintf
External call to exit
External call to syslog
External call to fprintf
External call to exit
External call to daemon
External call to syslog
External call to perror
External call to exit
External call to setsid
External call to fopen
External call to syslog
External call to perror
External call to exit
External call to getpid
External call to fprintf
External call to fclose
External call to tzset
External call to getuid
External call to syslog
External call to perror
External call to exit
External call to setgid
External call to syslog
External call to perror
External call to exit
External call to syslog
External call to perror
External call to chdir
External call to syslog
External call to perror
External call to exit
External call to getcwd
External call to strlen
External call to strcat
External call to chroot
External call to syslog
External call to perror
External call to exit
External call to strlen
External call to strncmp
External call to strcpy
External call to syslog
External call to fprintf
External call to strcpy
External call to chdir
External call to syslog
External call to perror
External call to exit
External call to chdir
External call to syslog
External call to perror
External call to exit
External call to getuid
External call to setuid
External call to syslog
External call to perror
External call to exit
External call to syslog
External call to fprintf
External call to signal
External call to signal
External call to signal
External call to signal
External call to signal
External call to signal
External call to syslog
External call to syslog
External call to select
External call to __errno_location
External call to syslog
External call to perror
External call to exit
External call to syslog
External call to fprintf
External call to exit
External call to accept
External call to __errno_location
External call to syslog
External call to perror
External call to exit
External call to fork
External call to syslog
External call to perror
External call to exit
External call to close
External call to close
External call to exit
External call to close
External call to fopen
External call to fgets
External call to syslog
External call to perror
External call to exit
External call to fgets
External call to strchr
External call to strspn
External call to strcspn
External call to strlen
External call to strlen
External call to strchr
External call to strcasecmp
External call to strcasecmp
External call to atoi
External call to strcasecmp
External call to strcasecmp
External call to strcasecmp
External call to strcasecmp
External call to strcasecmp
External call to strcasecmp
External call to strcasecmp
External call to strcasecmp
External call to strcasecmp
External call to strcasecmp
External call to strcasecmp
External call to strcasecmp
External call to strcasecmp
External call to strcasecmp
External call to strcasecmp
External call to strcasecmp
External call to atoi
External call to fprintf
External call to exit
External call to strspn
External call to fclose
External call to fprintf
External call to exit
Added reference to function strcmp
Added reference to function printf
Added reference to function exit
Added reference to function atoi
Added reference to function strrchr
Added reference to function openlog
Added reference to function getuid
Added reference to function getpwnam
Added reference to function syslog
Added reference to function fprintf
Added reference to function fopen
Added reference to function perror
Added reference to function fileno
Added reference to function fchown
Added reference to function gethostname
Added reference to function daemon
Added reference to function setsid
Added reference to function getpid
Added reference to function fclose
Added reference to function tzset
Added reference to function setgroups
Added reference to function setgid
Added reference to function initgroups
Added reference to function chdir
Added reference to function getcwd
Added reference to function strlen
Added reference to function strcat
Added reference to function chroot
Added reference to function strncmp
Added reference to function strcpy
Added reference to function setuid
Added reference to function signal
Added reference to function select
Added reference to function __errno_location
Added reference to function accept
Added reference to function fork
Added reference to function close
Added reference to function alarm
Added reference to function strstr
Added reference to function strpbrk
Added reference to function strspn
Added reference to function strchr
Added reference to function strncasecmp
Added reference to function atol
Added reference to function strcasecmp
Added reference to function stat
Added reference to function snprintf
Added reference to function alphasort
Added reference to function scandir
Added reference to function write
Added reference to function time
Added reference to function gmtime
Added reference to function strftime
Added reference to function localtime
Added reference to function fflush
Added reference to function lstat
Added reference to function __ctype_b_loc
Added reference to function sprintf
Added reference to function realloc
Added reference to function malloc
Added reference to function getnameinfo
Added reference to function htonl
Added reference to function tolower
Added reference to function fgets
Added reference to function crypt
Added reference to function strncpy
Added reference to function open
Added reference to function sendfile
Added reference to function dup2
Added reference to function pipe
Added reference to function closelog
Added reference to function nice
Added reference to function execve
Added reference to function strdup
Added reference to function read
Added reference to function sleep
Added reference to function shutdown
Added reference to function fcntl
Added reference to function getenv
Added reference to function getsockname
Added reference to function fread
Added reference to function qsort
Added reference to function waitpid
Added reference to function socket
Added reference to function setsockopt
Added reference to function bind
Added reference to function listen
Added reference to function getaddrinfo
Added reference to function gai_strerror
Added reference to function freeaddrinfo
Added reference to function strcspn
Added reference to function __isoc99_sscanf
Added reference to global stderr
Generated interface for /occam/examples/trimmer/mini_httpd/slash/mini_httpd.a.i.p.i.bc
## External calls:
	setgid(?)
	syslog(0x2,S:9881E722,?)
	syslog(0x2,S:7D2A997,?)
	syslog(0x4,S:7A82AAFC)
	syslog(0x4,S:7885D4E6)
	syslog(0x2,S:10EDE6EC)
	syslog(0x2,S:4595EADB)
	syslog(0x2,S:AA4F89D3)
	syslog(0x2,S:7D2A997,?)
	syslog(0x2,S:2413BEB)
	syslog(0x2,S:9467559F)
	syslog(0x3,S:C0A986F3)
	syslog(0x2,S:34162A89)
	syslog(0x2,S:A44CE6E)
	syslog(0x4,S:768D7B85)
	syslog(0x2,S:F12199F8)
	syslog(0x2,S:907098E1)
	syslog(0x2,S:F33583AD)
	syslog(0x4,S:869200E)
	syslog(0x5,S:94ED8E45,S:8475D343,?)
	syslog(0x5,S:B4810A9F,S:8475D343,?,?)
	syslog(0x2,S:D132B95F)
	syslog(0x2,S:C698D0A8)
	syslog(0x2,S:3055734F)
	syslog(0x2,S:CDF89DD1)
	syslog(0x2,S:7D2A997,?)
	getuid()
	getuid()
	getuid()
	getuid()
	getpwnam(?)
	strcpy(?,?)
	strcpy(?,S:60F)
	select(?,?,null,null,null)
	fileno(?)
	strrchr(?,0x2F)
	strspn(?,S:2482BC0)
	strspn(?,S:2482BC0)
	setsid()
	setuid(?)
	chroot(?)
	strcat(?,S:60F)
	openlog(?,0x9,0x18)
	strlen(?)
	strlen(?)
	strlen(?)
	strlen(?)
	strcmp(?,S:CA83)
	strcmp(?,S:C810)
	strcmp(?,S:C831)
	strcmp(?,S:CDDD)
	strcmp(?,S:CC51)
	strcmp(?,S:1A6355)
	strcmp(?,S:CC30)
	strcmp(?,S:CE82)
EXECUTED: /usr/lib/llvm-10/bin/opt -load=/occam/lib/libSeaDsa.so -load=/occam/lib/libprevirt.so /occam/examples/trimmer/mini_httpd/slash/mini_httpd.a.i.p.i.bc -o=/dev/null -Pinterface -Pinterface-output /tmp/tmpg8ACJT.iface -Pinterface-entry /tmp/tmpg8ACJT.iface WHICH RETURNED 0

	strcmp(?,S:CCD5)
	strcmp(?,S:CE1F)
	strcmp(?,S:CEA3)
	strcmp(?,S:CD59)
	strcmp(?,S:CCF6)
EXECUTING: /usr/lib/llvm-10/bin/opt -load=/occam/lib/libSeaDsa.so -load=/occam/lib/libprevirt.so /occam/examples/trimmer/mini_httpd/slash/mini_httpd.a.i.p.i.bc -o=/dev/null -Pinterface -Pinterface-output /tmp/tmpg8ACJT.iface -Pinterface-entry /tmp/tmpg8ACJT.iface

	strcmp(?,S:CA41)
	strcmp(?,S:C9BD)
	strcmp(?,S:C95A)
	tzset()
	fopen(?,S:C81)
	fopen(?,S:F57)
	fopen(?,S:EB2)
	fclose(?)
	fclose(?)
	signal(0xF,handle_sigterm)
	signal(0x2,handle_sigterm)
	signal(0xA,handle_sigterm)
	signal(0x1,handle_sighup)
	signal(0x11,handle_sigchld)
	signal(0xD,?)
	fprintf(?,S:2CD27EBE,?,?)
	fprintf(?,S:808EF98,?)
	fprintf(?,S:99C4EC08,?)
	fprintf(?,S:667CBF17,?)
	fprintf(?,S:15F4B3,?)
	fprintf(?,S:FD311101,?)
	fprintf(?,S:A5A062AA,?)
	fprintf(?,S:D9B885C4,?)
	fprintf(?,S:948E66C1,?,?)
	fprintf(?,S:89E536F,?,?)
	fchown(?,?,?)
	strncmp(?,?,?)
	chdir(?)
	chdir(?)
	chdir(?)
	atoi(?)
	atoi(?)
	atoi(?)
	atoi(?)
	strcspn(?,S:2482BC0)
	accept(?,?,?)
	fork()
	printf(S:163482,S:8475D343)
	daemon(0x1,0x1)
	strcasecmp(?,S:F09F45E7)
	strcasecmp(?,S:8298A65)
	strcasecmp(?,S:38A33F)
	strcasecmp(?,S:D0257538)
	strcasecmp(?,S:BFABAEAF)
	strcasecmp(?,S:3DAF8AAC)
	strcasecmp(?,S:885FEDF)
	strcasecmp(?,S:BCB3FA58)
	strcasecmp(?,S:402B4858)
	strcasecmp(?,S:AD0F056A)
	strcasecmp(?,S:43F64A10)
	strcasecmp(?,S:798CA9E)
	strcasecmp(?,S:3FAAF02)
	strcasecmp(?,S:1AD984D4)
	strcasecmp(?,S:E0251C1D)
	strcasecmp(?,S:8DB21C0A)
	strcasecmp(?,S:3E51D3)
	strcasecmp(?,S:E1B1C032)
	close(?)
	close(?)
	close(?)
	strchr(?,0x23)
	strchr(?,0x3D)
	malloc(0x18)
	fgets(?,0x2710,?)
	fgets(?,0x2710,?)
	perror(?)
	perror(S:BE98CA27)
	perror(S:FB6576F4)
	perror(?)
	perror(S:DE617A0C)
	perror(S:886FB340)
	perror(S:4F24C014)
	perror(S:EE814DEA)
	perror(S:BFABAEAF)
	perror(S:D60E9BF9)
	perror(S:5A2F6542)
	perror(S:8877608E)
	perror(S:87DDBF00)
	perror(S:18F882F0)
	perror(S:7749432)
	perror(?)
	exit(0x0)
	exit(0x1)
	exit(0x1)
	exit(0x1)
	exit(0x1)
	exit(0x1)
	exit(0x1)
	exit(0x1)
	exit(0x1)
	exit(0x1)
	exit(0x1)
	exit(0x1)
	exit(0x1)
	exit(0x1)
	exit(0x1)
	exit(0x1)
	exit(0x1)
	exit(0x1)
	exit(0x0)
	exit(0x1)
	exit(0x1)
	exit(0x1)
	__errno_location()
	__errno_location()
	getpid()
	getcwd(?,0xFFF)
	gethostname(?,0x1F4)
## External symbols:
	__ctype_b_loc
	__errno_location
	__isoc99_sscanf
	accept
	alarm
	alphasort
	atoi
	atol
	bind
	chdir
	chroot
	close
	closelog
	crypt
	daemon
	dup2
	execve
	exit
	fchown
	fclose
	fcntl
	fflush
	fgets
	fileno
	fopen
	fork
	fprintf
	fread
	freeaddrinfo
	gai_strerror
	getaddrinfo
	getcwd
	getenv
	gethostname
	getnameinfo
	getpid
	getpwnam
	getsockname
	getuid
	gmtime
	htonl
	initgroups
	listen
	localtime
	lstat
	malloc
	nice
	open
	openlog
	perror
	pipe
	printf
	qsort
	read
	realloc
	scandir
	select
	sendfile
	setgid
	setgroups
	setsid
	setsockopt
	setuid
	shutdown
	signal
	sleep
	snprintf
	socket
	sprintf
	stat
	stderr
	strcasecmp
	strcat
	strchr
	strcmp
	strcpy
	strcspn
	strdup
	strftime
	strlen
	strncasecmp
	strncmp
	strncpy
	strpbrk
	strrchr
	strspn
	strstr
	syslog
	time
	tolower
	tzset
	waitpid
	write

GatherInterfacePass::runOnModule: /occam/examples/trimmer/mini_httpd/slash/mini_httpd.a.i.p.i.bc
Reading interface from '/tmp/tmpg8ACJT.iface'...success
External call to malloc
External call to strcmp
External call to printf
External call to exit
External call to strcmp
External call to strcmp
External call to strcmp
External call to atoi
External call to strcmp
External call to strcmp
External call to strcmp
External call to strcmp
External call to strcmp
External call to strcmp
External call to strcmp
External call to strcmp
External call to strcmp
External call to strcmp
External call to strcmp
External call to strcmp
External call to atoi
External call to strrchr
External call to openlog
External call to getuid
External call to getpwnam
External call to syslog
External call to fprintf
External call to exit
External call to fopen
External call to syslog
External call to perror
External call to exit
External call to syslog
External call to fprintf
External call to getuid
External call to fileno
External call to fchown
External call to syslog
External call to perror
External call to gethostname
External call to syslog
External call to fprintf
External call to exit
External call to syslog
External call to fprintf
External call to exit
External call to daemon
External call to syslog
External call to perror
External call to exit
External call to setsid
External call to fopen
External call to syslog
External call to perror
External call to exit
External call to getpid
External call to fprintf
External call to fclose
External call to tzset
External call to getuid
External call to syslog
External call to perror
External call to exit
External call to setgid
External call to syslog
External call to perror
External call to exit
External call to syslog
External call to perror
External call to chdir
External call to syslog
External call to perror
External call to exit
External call to getcwd
External call to strlen
External call to strcat
External call to chroot
External call to syslog
External call to perror
External call to exit
External call to strlen
External call to strncmp
External call to strcpy
External call to syslog
External call to fprintf
External call to strcpy
External call to chdir
External call to syslog
External call to perror
External call to exit
External call to chdir
External call to syslog
External call to perror
External call to exit
External call to getuid
External call to setuid
External call to syslog
External call to perror
External call to exit
External call to syslog
External call to fprintf
External call to signal
External call to signal
External call to signal
External call to signal
External call to signal
External call to signal
External call to syslog
External call to syslog
External call to select
External call to __errno_location
External call to syslog
External call to perror
External call to exit
External call to syslog
External call to fprintf
External call to exit
External call to accept
External call to __errno_location
External call to syslog
External call to perror
External call to exit
External call to fork
External call to syslog
External call to perror
External call to exit
External call to close
External call to close
External call to exit
External call to close
External call to fopen
External call to fgets
External call to syslog
External call to perror
External call to exit
External call to fgets
External call to strchr
External call to strspn
External call to strcspn
External call to strlen
External call to strlen
External call to strchr
External call to strcasecmp
External call to strcasecmp
External call to atoi
External call to strcasecmp
External call to strcasecmp
External call to strcasecmp
External call to strcasecmp
External call to strcasecmp
External call to strcasecmp
External call to strcasecmp
External call to strcasecmp
External call to strcasecmp
External call to strcasecmp
External call to strcasecmp
External call to strcasecmp
External call to strcasecmp
External call to strcasecmp
External call to strcasecmp
External call to strcasecmp
External call to atoi
External call to fprintf
External call to exit
External call to strspn
External call to fclose
External call to fprintf
External call to exit
Added reference to function strcmp
Added reference to function printf
Added reference to function exit
Added reference to function atoi
Added reference to function strrchr
Added reference to function openlog
Added reference to function getuid
Added reference to function getpwnam
Added reference to function syslog
Added reference to function fprintf
Added reference to function fopen
Added reference to function perror
Added reference to function fileno
Added reference to function fchown
Added reference to function gethostname
Added reference to function daemon
Added reference to function setsid
Added reference to function getpid
Added reference to function fclose
Added reference to function tzset
Added reference to function setgroups
Added reference to function setgid
Added reference to function initgroups
Added reference to function chdir
Added reference to function getcwd
Added reference to function strlen
Added reference to function strcat
Added reference to function chroot
Added reference to function strncmp
Added reference to function strcpy
Added reference to function setuid
Added reference to function signal
Added reference to function select
Added reference to function __errno_location
Added reference to function accept
Added reference to function fork
Added reference to function close
Added reference to function alarm
Added reference to function strstr
Added reference to function strpbrk
Added reference to function strspn
Added reference to function strchr
Added reference to function strncasecmp
Added reference to function atol
Added reference to function strcasecmp
Added reference to function stat
Added reference to function snprintf
Added reference to function alphasort
Added reference to function scandir
Added reference to function write
Added reference to function time
Added reference to function gmtime
Added reference to function strftime
Added reference to function localtime
Added reference to function fflush
Added reference to function lstat
Added reference to function __ctype_b_loc
Added reference to function sprintf
Added reference to function realloc
Added reference to function malloc
Added reference to function getnameinfo
Added reference to function htonl
Added reference to function tolower
Added reference to function fgets
Added reference to function crypt
Added reference to function strncpy
Added reference to function open
Added reference to function sendfile
Added reference to function dup2
Added reference to function pipe
Added reference to function closelog
Added reference to function nice
Added reference to function execve
Added reference to function strdup
Added reference to function read
Added reference to function sleep
Added reference to function shutdown
Added reference to function fcntl
Added reference to function getenv
Added reference to function getsockname
Added reference to function fread
Added reference to function qsort
Added reference to function waitpid
Added reference to function socket
Added reference to function setsockopt
Added reference to function bind
Added reference to function listen
Added reference to function getaddrinfo
Added reference to function gai_strerror
Added reference to function freeaddrinfo
Added reference to function strcspn
Added reference to function __isoc99_sscanf
Added reference to global stderr
Generated interface for /occam/examples/trimmer/mini_httpd/slash/mini_httpd.a.i.p.i.bc
## External calls:
	setgid(?)
	syslog(0x2,S:9881E722,?)
	syslog(0x2,S:7D2A997,?)
	syslog(0x4,S:7A82AAFC)
	syslog(0x4,S:7885D4E6)
	syslog(0x2,S:10EDE6EC)
	syslog(0x2,S:4595EADB)
	syslog(0x2,S:AA4F89D3)
	syslog(0x2,S:7D2A997,?)
	syslog(0x2,S:2413BEB)
	syslog(0x2,S:9467559F)
	syslog(0x3,S:C0A986F3)
	syslog(0x2,S:34162A89)
	syslog(0x2,S:A44CE6E)
	syslog(0x4,S:768D7B85)
	syslog(0x2,S:F12199F8)
	syslog(0x2,S:907098E1)
	syslog(0x2,S:F33583AD)
	syslog(0x4,S:869200E)
	syslog(0x5,S:94ED8E45,S:8475D343,?)
	syslog(0x5,S:B4810A9F,S:8475D343,?,?)
	syslog(0x2,S:D132B95F)
	syslog(0x2,S:C698D0A8)
	syslog(0x2,S:3055734F)
	syslog(0x2,S:CDF89DD1)
	syslog(0x2,S:7D2A997,?)
	getuid()
	getuid()
	getuid()
	getuid()
	getpwnam(?)
	strcpy(?,?)
	strcpy(?,S:60F)
	select(?,?,null,null,null)
	fileno(?)
	strrchr(?,0x2F)
	strspn(?,S:2482BC0)
	strspn(?,S:2482BC0)
	setsid()
	setuid(?)
	chroot(?)
	strcat(?,S:60F)
	openlog(?,0x9,0x18)
	strlen(?)
	strlen(?)
	strlen(?)
	strlen(?)
	strcmp(?,S:CA83)
	strcmp(?,S:C810)
	strcmp(?,S:C831)
	strcmp(?,S:CDDD)
	strcmp(?,S:CC51)
	strcmp(?,S:1A6355)
	strcmp(?,S:CC30)
	strcmp(?,S:CE82)
	strcmp(?,S:CCD5)
	strcmp(?,S:CE1F)
	strcmp(?,S:CEA3)
	strcmp(?,S:CD59)
	strcmp(?,S:CCF6)
	strcmp(?,S:CA41)
	strcmp(?,S:C9BD)
	strcmp(?,S:C95A)
	tzset()
	fopen(?,S:C81)
	fopen(?,S:F57)
	fopen(?,S:EB2)
	fclose(?)
	fclose(?)
	signal(0xF,handle_sigterm)
	signal(0x2,handle_sigterm)
	signal(0xA,handle_sigterm)
	signal(0x1,handle_sighup)
	signal(0x11,handle_sigchld)
	signal(0xD,?)
	fprintf(?,S:2CD27EBE,?,?)
	fprintf(?,S:808EF98,?)
	fprintf(?,S:99C4EC08,?)
	fprintf(?,S:667CBF17,?)
	fprintf(?,S:15F4B3,?)
	fprintf(?,S:FD311101,?)
	fprintf(?,S:A5A062AA,?)
	fprintf(?,S:D9B885C4,?)
	fprintf(?,S:948E66C1,?,?)
	fprintf(?,S:89E536F,?,?)
	fchown(?,?,?)
	strncmp(?,?,?)
	chdir(?)
	chdir(?)
	chdir(?)
EXECUTED: /usr/lib/llvm-10/bin/opt -load=/occam/lib/libSeaDsa.so -load=/occam/lib/libprevirt.so /occam/examples/trimmer/mini_httpd/slash/mini_httpd.a.i.p.i.bc -o=/dev/null -Pinterface -Pinterface-output /tmp/tmpg8ACJT.iface -Pinterface-entry /tmp/tmpg8ACJT.iface WHICH RETURNED 0

	atoi(?)
	atoi(?)
	atoi(?)
	atoi(?)
	strcspn(?,S:2482BC0)
	accept(?,?,?)
	fork()
	printf(S:163482,S:8475D343)
	daemon(0x1,0x1)
	strcasecmp(?,S:F09F45E7)
	strcasecmp(?,S:8298A65)
	strcasecmp(?,S:38A33F)
	strcasecmp(?,S:D0257538)
	strcasecmp(?,S:BFABAEAF)
	strcasecmp(?,S:3DAF8AAC)
	strcasecmp(?,S:885FEDF)
	strcasecmp(?,S:BCB3FA58)
EXECUTING: /usr/lib/llvm-10/bin/opt -load=/occam/lib/libSeaDsa.so -load=/occam/lib/libprevirt.so /occam/examples/trimmer/mini_httpd/slash/mini_httpd.a.i.p.i.bc -o=/occam/examples/trimmer/mini_httpd/slash/mini_httpd.a.i.p.i.h.bc -Pinternalize -Pinternalize-wrt-interfaces interface_after.01.iface

	strcasecmp(?,S:402B4858)
	strcasecmp(?,S:AD0F056A)
	strcasecmp(?,S:43F64A10)
	strcasecmp(?,S:798CA9E)
	strcasecmp(?,S:3FAAF02)
	strcasecmp(?,S:1AD984D4)
	strcasecmp(?,S:E0251C1D)
	strcasecmp(?,S:8DB21C0A)
	strcasecmp(?,S:3E51D3)
	strcasecmp(?,S:E1B1C032)
	close(?)
	close(?)
	close(?)
	strchr(?,0x23)
	strchr(?,0x3D)
	malloc(0x18)
	fgets(?,0x2710,?)
	fgets(?,0x2710,?)
	perror(?)
	perror(S:BE98CA27)
	perror(S:FB6576F4)
	perror(?)
	perror(S:DE617A0C)
	perror(S:886FB340)
	perror(S:4F24C014)
	perror(S:EE814DEA)
	perror(S:BFABAEAF)
	perror(S:D60E9BF9)
	perror(S:5A2F6542)
	perror(S:8877608E)
	perror(S:87DDBF00)
	perror(S:18F882F0)
	perror(S:7749432)
	perror(?)
	exit(0x0)
	exit(0x1)
	exit(0x1)
	exit(0x1)
	exit(0x1)
	exit(0x1)
	exit(0x1)
	exit(0x1)
	exit(0x1)
	exit(0x1)
	exit(0x1)
	exit(0x1)
	exit(0x1)
	exit(0x1)
	exit(0x1)
	exit(0x1)
	exit(0x1)
	exit(0x1)
	exit(0x0)
	exit(0x1)
	exit(0x1)
	exit(0x1)
	__errno_location()
	__errno_location()
	getpid()
	getcwd(?,0xFFF)
	gethostname(?,0x1F4)
## External symbols:
	__ctype_b_loc
	__errno_location
	__isoc99_sscanf
	accept
	alarm
	alphasort
	atoi
	atol
	bind
	chdir
	chroot
	close
	closelog
	crypt
	daemon
	dup2
	execve
	exit
	fchown
	fclose
	fcntl
	fflush
	fgets
	fileno
	fopen
	fork
	fprintf
	fread
	freeaddrinfo
	gai_strerror
	getaddrinfo
	getcwd
	getenv
	gethostname
	getnameinfo
	getpid
	getpwnam
	getsockname
	getuid
	gmtime
	htonl
	initgroups
	listen
	localtime
	lstat
	malloc
	nice
	open
	openlog
	perror
	pipe
	printf
	qsort
	read
	realloc
	scandir
	select
	sendfile
	setgid
	setgroups
	setsid
	setsockopt
	setuid
	shutdown
	signal
	sleep
	snprintf
	socket
	sprintf
	stat
	stderr
	strcasecmp
	strcat
	strchr
	strcmp
	strcpy
	strcspn
	strdup
	strftime
	strlen
	strncasecmp
	strncmp
	strncpy
	strpbrk
	strrchr
	strspn
	strstr
	syslog
	time
	tolower
	tzset
	waitpid
	write

InternalizePass
Reading file 'interface_after.01.iface'...success
Done reading.
InternalizePass::runOnModule: /occam/examples/trimmer/mini_httpd/slash/mini_httpd.a.i.p.i.bc
...no progress...
/usr/lib/llvm-10/bin/opt -load=/occam/lib/libSeaDsa.so -load=/occam/lib/libprevirt.so /occam/examples/trimmer/mini_httpd/slash/mini_httpd.a.i.p.i.bc -o=/occam/examples/trimmer/mini_httpd/slash/mini_httpd.a.i.p.i.h.bc -Pinternalize -Pinternalize-wrt-interfaces interface_after.01.iface => 0

EXECUTING: /usr/lib/llvm-10/bin/opt -load=/occam/lib/libSeaDsa.so -load=/occam/lib/libprevirt.so /occam/examples/trimmer/mini_httpd/slash/mini_httpd.a.i.p.i.h.bc -o=/dev/null -Pprofiler -profile-verbose=false -profile-loops=true -profile-safe-pointers=true -profile-outfile=/tmp/tmpF6jy0z

EXECUTED: /usr/lib/llvm-10/bin/opt -load=/occam/lib/libSeaDsa.so -load=/occam/lib/libprevirt.so /occam/examples/trimmer/mini_httpd/slash/mini_httpd.a.i.p.i.h.bc -o=/dev/null -Pprofiler -profile-verbose=false -profile-loops=true -profile-safe-pointers=true -profile-outfile=/tmp/tmpF6jy0z WHICH RETURNED 0

EXECUTING: /usr/lib/llvm-10/bin/clang++ /occam/examples/trimmer/mini_httpd/slash/mini_httpd.a.i.p.i.h.bc -o mini_httpd_fin -lcrypt -O3

EXECUTED: /usr/lib/llvm-10/bin/clang++ /occam/examples/trimmer/mini_httpd/slash/mini_httpd.a.i.p.i.h.bc -o mini_httpd_fin -lcrypt -O3 WHICH RETURNED 0

